<?xml version="1.0" encoding="UTF-8"?>
<!-- Generated by org.testng.reporters.JUnitXMLReporter -->
<testsuite ignored="3" hostname="LAPTOP-5690O3K1" failures="1" tests="1" name="Default test(failed)" time="51.938" errors="0" timestamp="2024-10-25T13:48:56 IST">
  <testcase classname="com.proenx.rdep.myproject.pos.Single_Product_TestCases" name="single_Product4" time="41.749">
    <failure type="java.lang.AssertionError" message="expected [Please Select Store.] but found [Please Select Category.]">
      <![CDATA[java.lang.AssertionError: expected [Please Select Store.] but found [Please Select Category.]
at pages.Products_Page.add_Single_Product_ErrorMessage_Checking_for_Mandatory_Field(Products_Page.java:427)
at com.proenx.rdep.myproject.pos.Single_Product_TestCases.single_Product4(Single_Product_TestCases.java:53)
at java.base/java.util.ArrayList.forEach(ArrayList.java:1597)
... Removed 31 stack frames]]>
    </failure>
  </testcase> <!-- single_Product4 -->
  <testcase classname="com.proenx.rdep.myproject.pos.Single_Product_TestCases" name="single_Product2" time="0.0">
    <ignored/>
  </testcase> <!-- single_Product2 -->
  <testcase classname="com.proenx.rdep.myproject.pos.Single_Product_TestCases" name="single_Product1" time="0.0">
    <ignored/>
  </testcase> <!-- single_Product1 -->
  <testcase classname="com.proenx.rdep.myproject.pos.Single_Product_TestCases" name="single_Product3" time="0.0">
    <ignored/>
  </testcase> <!-- single_Product3 -->
</testsuite> <!-- Default test(failed) -->
