<?xml version="1.0" encoding="UTF-8"?>
<!-- Generated by org.testng.reporters.JUnitXMLReporter -->
<testsuite ignored="20" hostname="LAPTOP-5690O3K1" failures="0" tests="7" name="Test" time="76.192" errors="0" timestamp="2024-10-28T23:30:33 IST">
  <testcase classname="com.proenx.rdep.myproject.pos.PromotionTestCase1" name="@BeforeClass getTestCaseName" time="0.0">
    <skipped/>
  </testcase> <!-- @BeforeClass getTestCaseName -->
  <testcase classname="com.proenx.rdep.myproject.TestBase" name="@BeforeMethod launchBrowser" time="0.0">
    <skipped/>
  </testcase> <!-- @BeforeMethod launchBrowser -->
  <testcase classname="com.proenx.rdep.myproject.TestBase" name="@AfterMethod teardown" time="5.009">
    <failure type="java.lang.NullPointerException" message="Cannot invoke &amp;quot;org.openqa.selenium.WebDriver.quit()&amp;quot; because &amp;quot;com.proenx.rdep.myproject.TestBase.driver&amp;quot; is null">
      <![CDATA[java.lang.NullPointerException: Cannot invoke "org.openqa.selenium.WebDriver.quit()" because "com.proenx.rdep.myproject.TestBase.driver" is null
at com.proenx.rdep.myproject.TestBase.teardown(TestBase.java:104)
at java.base/java.util.ArrayList.forEach(ArrayList.java:1511)
... Removed 36 stack frames]]>
    </failure>
  </testcase> <!-- @AfterMethod teardown -->
  <testcase classname="com.proenx.rdep.myproject.pos.TestPractice2" name="@BeforeClass getTestCaseName" time="0.0">
    <skipped/>
  </testcase> <!-- @BeforeClass getTestCaseName -->
  <testcase classname="com.proenx.rdep.myproject.TestBase" name="@BeforeMethod launchBrowser" time="0.0">
    <skipped/>
  </testcase> <!-- @BeforeMethod launchBrowser -->
  <testcase classname="com.proenx.rdep.myproject.TestBase" name="@AfterMethod teardown" time="5.008">
    <failure type="java.lang.NullPointerException" message="Cannot invoke &amp;quot;org.openqa.selenium.WebDriver.quit()&amp;quot; because &amp;quot;com.proenx.rdep.myproject.TestBase.driver&amp;quot; is null">
      <![CDATA[java.lang.NullPointerException: Cannot invoke "org.openqa.selenium.WebDriver.quit()" because "com.proenx.rdep.myproject.TestBase.driver" is null
at com.proenx.rdep.myproject.TestBase.teardown(TestBase.java:104)
at java.base/java.util.ArrayList.forEach(ArrayList.java:1511)
... Removed 36 stack frames]]>
    </failure>
  </testcase> <!-- @AfterMethod teardown -->
  <testcase classname="com.proenx.rdep.myproject.pos.Create_SimpleLine_Promo_System" name="@BeforeClass getTestCaseName" time="0.0">
    <skipped/>
  </testcase> <!-- @BeforeClass getTestCaseName -->
  <testcase classname="com.proenx.rdep.myproject.TestBase" name="@BeforeMethod launchBrowser" time="0.0">
    <skipped/>
  </testcase> <!-- @BeforeMethod launchBrowser -->
  <testcase classname="com.proenx.rdep.myproject.TestBase" name="@AfterMethod teardown" time="5.006">
    <failure type="java.lang.NullPointerException" message="Cannot invoke &amp;quot;org.openqa.selenium.WebDriver.quit()&amp;quot; because &amp;quot;com.proenx.rdep.myproject.TestBase.driver&amp;quot; is null">
      <![CDATA[java.lang.NullPointerException: Cannot invoke "org.openqa.selenium.WebDriver.quit()" because "com.proenx.rdep.myproject.TestBase.driver" is null
at com.proenx.rdep.myproject.TestBase.teardown(TestBase.java:104)
at java.base/java.util.ArrayList.forEach(ArrayList.java:1511)
... Removed 36 stack frames]]>
    </failure>
  </testcase> <!-- @AfterMethod teardown -->
  <testcase classname="com.proenx.rdep.myproject.pos.Promo_Test_Case_Combination_Pool" name="@BeforeClass getTestCaseName" time="0.0">
    <skipped/>
  </testcase> <!-- @BeforeClass getTestCaseName -->
  <testcase classname="com.proenx.rdep.myproject.TestBase" name="@BeforeMethod launchBrowser" time="0.0">
    <skipped/>
  </testcase> <!-- @BeforeMethod launchBrowser -->
  <testcase classname="com.proenx.rdep.myproject.TestBase" name="@AfterMethod teardown" time="5.014">
    <failure type="java.lang.NullPointerException" message="Cannot invoke &amp;quot;org.openqa.selenium.WebDriver.quit()&amp;quot; because &amp;quot;com.proenx.rdep.myproject.TestBase.driver&amp;quot; is null">
      <![CDATA[java.lang.NullPointerException: Cannot invoke "org.openqa.selenium.WebDriver.quit()" because "com.proenx.rdep.myproject.TestBase.driver" is null
at com.proenx.rdep.myproject.TestBase.teardown(TestBase.java:104)
at java.base/java.util.ArrayList.forEach(ArrayList.java:1511)
... Removed 36 stack frames]]>
    </failure>
  </testcase> <!-- @AfterMethod teardown -->
  <testcase classname="com.proenx.rdep.myproject.pos.Package_Quantity_Test_Cases" name="@BeforeClass getTestCaseName" time="0.0">
    <skipped/>
  </testcase> <!-- @BeforeClass getTestCaseName -->
  <testcase classname="com.proenx.rdep.myproject.TestBase" name="@BeforeMethod launchBrowser" time="0.0">
    <skipped/>
  </testcase> <!-- @BeforeMethod launchBrowser -->
  <testcase classname="com.proenx.rdep.myproject.TestBase" name="@AfterMethod teardown" time="5.008">
    <failure type="java.lang.NullPointerException" message="Cannot invoke &amp;quot;org.openqa.selenium.WebDriver.quit()&amp;quot; because &amp;quot;com.proenx.rdep.myproject.TestBase.driver&amp;quot; is null">
      <![CDATA[java.lang.NullPointerException: Cannot invoke "org.openqa.selenium.WebDriver.quit()" because "com.proenx.rdep.myproject.TestBase.driver" is null
at com.proenx.rdep.myproject.TestBase.teardown(TestBase.java:104)
at java.base/java.util.ArrayList.forEach(ArrayList.java:1511)
... Removed 36 stack frames]]>
    </failure>
  </testcase> <!-- @AfterMethod teardown -->
  <testcase classname="com.proenx.rdep.myproject.pos.Inventory_TestCases" name="@BeforeClass getTestCaseName" time="0.0">
    <skipped/>
  </testcase> <!-- @BeforeClass getTestCaseName -->
  <testcase classname="com.proenx.rdep.myproject.TestBase" name="@BeforeMethod launchBrowser" time="0.0">
    <skipped/>
  </testcase> <!-- @BeforeMethod launchBrowser -->
  <testcase classname="com.proenx.rdep.myproject.TestBase" name="@AfterMethod teardown" time="5.01">
    <failure type="java.lang.NullPointerException" message="Cannot invoke &amp;quot;org.openqa.selenium.WebDriver.quit()&amp;quot; because &amp;quot;com.proenx.rdep.myproject.TestBase.driver&amp;quot; is null">
      <![CDATA[java.lang.NullPointerException: Cannot invoke "org.openqa.selenium.WebDriver.quit()" because "com.proenx.rdep.myproject.TestBase.driver" is null
at com.proenx.rdep.myproject.TestBase.teardown(TestBase.java:104)
at java.base/java.util.ArrayList.forEach(ArrayList.java:1511)
... Removed 36 stack frames]]>
    </failure>
  </testcase> <!-- @AfterMethod teardown -->
  <testcase classname="com.proenx.rdep.myproject.pos.PromotionTestCase1" name="promotionTC1" time="0.0">
    <skipped/>
  </testcase> <!-- promotionTC1 -->
  <testcase classname="com.proenx.rdep.myproject.pos.TestPractice2" name="SalesReportvaliddata" time="0.0">
    <skipped/>
  </testcase> <!-- SalesReportvaliddata -->
  <testcase classname="com.proenx.rdep.myproject.pos.Create_SimpleLine_Promo_System" name="create_promotion" time="0.0">
    <skipped/>
  </testcase> <!-- create_promotion -->
  <testcase classname="com.proenx.rdep.myproject.pos.Promo_Test_Case_Combination_Pool" name="create_promotion" time="0.0">
    <skipped/>
  </testcase> <!-- create_promotion -->
  <testcase classname="com.proenx.rdep.myproject.pos.Package_Quantity_Test_Cases" name="create_promotion" time="0.0">
    <skipped/>
  </testcase> <!-- create_promotion -->
  <testcase classname="com.proenx.rdep.myproject.pos.Inventory_TestCases" name="Inventory_List_Reset" time="0.0">
    <skipped/>
  </testcase> <!-- Inventory_List_Reset -->
  <testcase classname="com.proenx.rdep.myproject.pos.Single_Product_TestCases" name="single_Product3" time="36.941"/>
  <testcase classname="com.proenx.rdep.myproject.pos.Single_Product_TestCases" name="single_Product1" time="0.0">
    <ignored/>
  </testcase> <!-- single_Product1 -->
  <testcase classname="com.proenx.rdep.myproject.pos.Single_Product_TestCases" name="single_Product2" time="0.0">
    <ignored/>
  </testcase> <!-- single_Product2 -->
  <testcase classname="com.proenx.rdep.myproject.TestBase" name="@BeforeSuite loadPropfile" time="0.0">
    <ignored/>
  </testcase> <!-- @BeforeSuite loadPropfile -->
  <testcase classname="com.proenx.rdep.myproject.pos.Inventory_TestCases" name="Inventory_List_Edit" time="0.0">
    <ignored/>
  </testcase> <!-- Inventory_List_Edit -->
  <testcase classname="com.proenx.rdep.myproject.pos.Single_Product_TestCases" name="single_Product4" time="0.0">
    <ignored/>
  </testcase> <!-- single_Product4 -->
  <testcase classname="com.proenx.rdep.myproject.TestBase" name="@AfterSuite generateReport" time="0.0">
    <ignored/>
  </testcase> <!-- @AfterSuite generateReport -->
  <testcase classname="com.proenx.rdep.myproject.pos.Inventory_TestCases" name="Inventory_List_3" time="0.0">
    <ignored/>
  </testcase> <!-- Inventory_List_3 -->
  <testcase classname="com.proenx.rdep.myproject.TestBase" name="@AfterSuite generateReport" time="0.0">
    <ignored/>
  </testcase> <!-- @AfterSuite generateReport -->
  <testcase classname="com.proenx.rdep.myproject.TestBase" name="@BeforeSuite loadPropfile" time="0.0">
    <ignored/>
  </testcase> <!-- @BeforeSuite loadPropfile -->
  <testcase classname="com.proenx.rdep.myproject.pos.Inventory_TestCases" name="Inventory_List_table" time="0.0">
    <ignored/>
  </testcase> <!-- Inventory_List_table -->
  <testcase classname="com.proenx.rdep.myproject.TestBase" name="@BeforeSuite loadPropfile" time="0.0">
    <ignored/>
  </testcase> <!-- @BeforeSuite loadPropfile -->
  <testcase classname="com.proenx.rdep.myproject.pos.Inventory_TestCases" name="Inventory_List2" time="0.0">
    <ignored/>
  </testcase> <!-- Inventory_List2 -->
  <testcase classname="com.proenx.rdep.myproject.TestBase" name="@AfterSuite generateReport" time="0.0">
    <ignored/>
  </testcase> <!-- @AfterSuite generateReport -->
  <testcase classname="com.proenx.rdep.myproject.TestBase" name="@BeforeSuite loadPropfile" time="0.0">
    <ignored/>
  </testcase> <!-- @BeforeSuite loadPropfile -->
  <testcase classname="com.proenx.rdep.myproject.pos.Inventory_TestCases" name="Inventory_List1" time="0.0">
    <ignored/>
  </testcase> <!-- Inventory_List1 -->
  <testcase classname="com.proenx.rdep.myproject.TestBase" name="@AfterSuite generateReport" time="0.0">
    <ignored/>
  </testcase> <!-- @AfterSuite generateReport -->
  <testcase classname="com.proenx.rdep.myproject.TestBase" name="@AfterSuite generateReport" time="0.0">
    <ignored/>
  </testcase> <!-- @AfterSuite generateReport -->
  <testcase classname="com.proenx.rdep.myproject.TestBase" name="@AfterSuite generateReport" time="0.0">
    <ignored/>
  </testcase> <!-- @AfterSuite generateReport -->
  <testcase classname="com.proenx.rdep.myproject.TestBase" name="@BeforeSuite loadPropfile" time="0.0">
    <ignored/>
  </testcase> <!-- @BeforeSuite loadPropfile -->
  <testcase classname="com.proenx.rdep.myproject.TestBase" name="@BeforeSuite loadPropfile" time="0.0">
    <ignored/>
  </testcase> <!-- @BeforeSuite loadPropfile -->
</testsuite> <!-- Test -->
