<!DOCTYPE html PUBLIC "-//W3C//DTD XHTML 1.1//EN" "https://www.w3.org/TR/xhtml11/DTD/xhtml11.dtd">
<html xmlns="https://www.w3.org/1999/xhtml">
<head>
<meta http-equiv="content-type" content="text/html; charset=UTF-8"/>
<title>TestNG Report</title>
<style type="text/css">table {margin-bottom:10px;border-collapse:collapse;empty-cells:show}th,td {border:1px solid #009;padding:.25em .5em}th {vertical-align:bottom}td {vertical-align:top}table a {font-weight:bold}.stripe td {background-color: #E6EBF9}.num {text-align:right}.passedodd td {background-color: #3F3}.passedeven td {background-color: #0A0}.skippedodd td {background-color: #DDD}.skippedeven td {background-color: #CCC}.failedodd td,.attn {background-color: #F33}.failedeven td,.stripe .attn {background-color: #D00}.stacktrace {white-space:pre;font-family:monospace}.totop {font-size:85%;text-align:center;border-bottom:2px solid #000}.invisible {display:none}</style>
</head>
<body>
<table>
<tr><th>Test</th><th># Passed</th><th># Skipped</th><th># Retried</th><th># Failed</th><th>Time (ms)</th><th>Included Groups</th><th>Excluded Groups</th></tr>
<tr><th colspan="8">Suite</th></tr>
<tr><td><a href="#t0">Test</a></td><td class="num">1</td><td class="num attn">6</td><td class="num">0</td><td class="num">0</td><td class="num">76,192</td><td></td><td></td></tr>
</table>
<table id='summary'><thead><tr><th>Class</th><th>Method</th><th>Start</th><th>Time (ms)</th></tr></thead><tbody><tr><th colspan="4">Suite</th></tr></tbody><tbody id="t0"><tr><th colspan="4">Test &#8212; failed (configuration methods)</th></tr><tr class="failedeven"><td rowspan="1">com.proenx.rdep.myproject.pos.Create_SimpleLine_Promo_System</td><td><a href="#m0">teardown</a></td><td rowspan="1">1730138367849</td><td rowspan="1">5006</td></tr><tr class="failedodd"><td rowspan="1">com.proenx.rdep.myproject.pos.Inventory_TestCases</td><td><a href="#m1">teardown</a></td><td rowspan="1">1730138382886</td><td rowspan="1">5010</td></tr><tr class="failedeven"><td rowspan="1">com.proenx.rdep.myproject.pos.Package_Quantity_Test_Cases</td><td><a href="#m2">teardown</a></td><td rowspan="1">1730138377869</td><td rowspan="1">5008</td></tr><tr class="failedodd"><td rowspan="1">com.proenx.rdep.myproject.pos.Promo_Test_Case_Combination_Pool</td><td><a href="#m3">teardown</a></td><td rowspan="1">1730138372855</td><td rowspan="1">5014</td></tr><tr class="failedeven"><td rowspan="1">com.proenx.rdep.myproject.pos.PromotionTestCase1</td><td><a href="#m4">teardown</a></td><td rowspan="1">1730138357824</td><td rowspan="1">5009</td></tr><tr class="failedodd"><td rowspan="1">com.proenx.rdep.myproject.pos.TestPractice2</td><td><a href="#m5">teardown</a></td><td rowspan="1">1730138362841</td><td rowspan="1">5008</td></tr><tr><th colspan="4">Test &#8212; skipped (configuration methods)</th></tr><tr class="skippedeven"><td rowspan="2">com.proenx.rdep.myproject.pos.Create_SimpleLine_Promo_System</td><td><a href="#m6">getTestCaseName</a></td><td rowspan="1">1730138367849</td><td rowspan="1">0</td></tr><tr class="skippedeven"><td><a href="#m7">launchBrowser</a></td><td rowspan="1">1730138367849</td><td rowspan="1">0</td></tr><tr class="skippedodd"><td rowspan="2">com.proenx.rdep.myproject.pos.Inventory_TestCases</td><td><a href="#m8">getTestCaseName</a></td><td rowspan="1">1730138382877</td><td rowspan="1">0</td></tr><tr class="skippedodd"><td><a href="#m9">launchBrowser</a></td><td rowspan="1">1730138382877</td><td rowspan="1">0</td></tr><tr class="skippedeven"><td rowspan="2">com.proenx.rdep.myproject.pos.Package_Quantity_Test_Cases</td><td><a href="#m10">getTestCaseName</a></td><td rowspan="1">1730138377869</td><td rowspan="1">0</td></tr><tr class="skippedeven"><td><a href="#m11">launchBrowser</a></td><td rowspan="1">1730138377869</td><td rowspan="1">0</td></tr><tr class="skippedodd"><td rowspan="2">com.proenx.rdep.myproject.pos.Promo_Test_Case_Combination_Pool</td><td><a href="#m12">getTestCaseName</a></td><td rowspan="1">1730138372855</td><td rowspan="1">0</td></tr><tr class="skippedodd"><td><a href="#m13">launchBrowser</a></td><td rowspan="1">1730138372855</td><td rowspan="1">0</td></tr><tr class="skippedeven"><td rowspan="3">com.proenx.rdep.myproject.pos.PromotionTestCase1</td><td><a href="#m14">generateReport</a></td><td rowspan="1">1730138434010</td><td rowspan="1">0</td></tr><tr class="skippedeven"><td><a href="#m15">getTestCaseName</a></td><td rowspan="1">1730138357785</td><td rowspan="1">0</td></tr><tr class="skippedeven"><td><a href="#m16">launchBrowser</a></td><td rowspan="1">1730138357818</td><td rowspan="1">0</td></tr><tr class="skippedodd"><td rowspan="2">com.proenx.rdep.myproject.pos.TestPractice2</td><td><a href="#m17">getTestCaseName</a></td><td rowspan="1">1730138362833</td><td rowspan="1">0</td></tr><tr class="skippedodd"><td><a href="#m18">launchBrowser</a></td><td rowspan="1">1730138362841</td><td rowspan="1">0</td></tr><tr><th colspan="4">Test &#8212; skipped</th></tr><tr class="skippedeven"><td rowspan="1">com.proenx.rdep.myproject.pos.Create_SimpleLine_Promo_System</td><td><a href="#m19">create_promotion</a></td><td rowspan="1">1730138367849</td><td rowspan="1">0</td></tr><tr class="skippedodd"><td rowspan="1">com.proenx.rdep.myproject.pos.Inventory_TestCases</td><td><a href="#m20">Inventory_List_Reset</a></td><td rowspan="1">1730138382877</td><td rowspan="1">0</td></tr><tr class="skippedeven"><td rowspan="1">com.proenx.rdep.myproject.pos.Package_Quantity_Test_Cases</td><td><a href="#m21">create_promotion</a></td><td rowspan="1">1730138377869</td><td rowspan="1">0</td></tr><tr class="skippedodd"><td rowspan="1">com.proenx.rdep.myproject.pos.Promo_Test_Case_Combination_Pool</td><td><a href="#m22">create_promotion</a></td><td rowspan="1">1730138372855</td><td rowspan="1">0</td></tr><tr class="skippedeven"><td rowspan="1">com.proenx.rdep.myproject.pos.PromotionTestCase1</td><td><a href="#m23">promotionTC1</a></td><td rowspan="1">1730138357821</td><td rowspan="1">0</td></tr><tr class="skippedodd"><td rowspan="1">com.proenx.rdep.myproject.pos.TestPractice2</td><td><a href="#m24">SalesReportvaliddata</a></td><td rowspan="1">1730138362841</td><td rowspan="1">0</td></tr><tr><th colspan="4">Test &#8212; passed</th></tr><tr class="passedeven"><td rowspan="1">com.proenx.rdep.myproject.pos.Single_Product_TestCases</td><td><a href="#m25">single_Product3</a></td><td rowspan="1">1730138391750</td><td rowspan="1">36941</td></tr></tbody>
</table>
<h2>Test</h2><h3 id="m0">com.proenx.rdep.myproject.pos.Create_SimpleLine_Promo_System#teardown</h3><table class="result"><tr><th>Exception</th></tr><tr><td><div class="stacktrace">java.lang.NullPointerException: Cannot invoke &quot;org.openqa.selenium.WebDriver.quit()&quot; because &quot;com.proenx.rdep.myproject.TestBase.driver&quot; is null
	at com.proenx.rdep.myproject.TestBase.teardown(TestBase.java:104)
	at java.base/java.util.ArrayList.forEach(ArrayList.java:1511)
... Removed 36 stack frames</div></td></tr></table><p class="totop"><a href="#summary">back to summary</a></p>
<h3 id="m1">com.proenx.rdep.myproject.pos.Inventory_TestCases#teardown</h3><table class="result"><tr><th>Exception</th></tr><tr><td><div class="stacktrace">java.lang.NullPointerException: Cannot invoke &quot;org.openqa.selenium.WebDriver.quit()&quot; because &quot;com.proenx.rdep.myproject.TestBase.driver&quot; is null
	at com.proenx.rdep.myproject.TestBase.teardown(TestBase.java:104)
	at java.base/java.util.ArrayList.forEach(ArrayList.java:1511)
... Removed 36 stack frames</div></td></tr></table><p class="totop"><a href="#summary">back to summary</a></p>
<h3 id="m2">com.proenx.rdep.myproject.pos.Package_Quantity_Test_Cases#teardown</h3><table class="result"><tr><th>Exception</th></tr><tr><td><div class="stacktrace">java.lang.NullPointerException: Cannot invoke &quot;org.openqa.selenium.WebDriver.quit()&quot; because &quot;com.proenx.rdep.myproject.TestBase.driver&quot; is null
	at com.proenx.rdep.myproject.TestBase.teardown(TestBase.java:104)
	at java.base/java.util.ArrayList.forEach(ArrayList.java:1511)
... Removed 36 stack frames</div></td></tr></table><p class="totop"><a href="#summary">back to summary</a></p>
<h3 id="m3">com.proenx.rdep.myproject.pos.Promo_Test_Case_Combination_Pool#teardown</h3><table class="result"><tr><th>Exception</th></tr><tr><td><div class="stacktrace">java.lang.NullPointerException: Cannot invoke &quot;org.openqa.selenium.WebDriver.quit()&quot; because &quot;com.proenx.rdep.myproject.TestBase.driver&quot; is null
	at com.proenx.rdep.myproject.TestBase.teardown(TestBase.java:104)
	at java.base/java.util.ArrayList.forEach(ArrayList.java:1511)
... Removed 36 stack frames</div></td></tr></table><p class="totop"><a href="#summary">back to summary</a></p>
<h3 id="m4">com.proenx.rdep.myproject.pos.PromotionTestCase1#teardown</h3><table class="result"><tr><th>Exception</th></tr><tr><td><div class="stacktrace">java.lang.NullPointerException: Cannot invoke &quot;org.openqa.selenium.WebDriver.quit()&quot; because &quot;com.proenx.rdep.myproject.TestBase.driver&quot; is null
	at com.proenx.rdep.myproject.TestBase.teardown(TestBase.java:104)
	at java.base/java.util.ArrayList.forEach(ArrayList.java:1511)
... Removed 36 stack frames</div></td></tr></table><p class="totop"><a href="#summary">back to summary</a></p>
<h3 id="m5">com.proenx.rdep.myproject.pos.TestPractice2#teardown</h3><table class="result"><tr><th>Exception</th></tr><tr><td><div class="stacktrace">java.lang.NullPointerException: Cannot invoke &quot;org.openqa.selenium.WebDriver.quit()&quot; because &quot;com.proenx.rdep.myproject.TestBase.driver&quot; is null
	at com.proenx.rdep.myproject.TestBase.teardown(TestBase.java:104)
	at java.base/java.util.ArrayList.forEach(ArrayList.java:1511)
... Removed 36 stack frames</div></td></tr></table><p class="totop"><a href="#summary">back to summary</a></p>
<h3 id="m6">com.proenx.rdep.myproject.pos.Create_SimpleLine_Promo_System#getTestCaseName</h3><table class="result"><tr><th>Exception</th></tr><tr><td><div class="stacktrace">org.testng.SkipException: Skipping Test  case as Run mode is set to no
	at com.proenx.rdep.myproject.pos.Create_SimpleLine_Promo_System.getTestCaseName(Create_SimpleLine_Promo_System.java:21)
	at java.base/java.util.ArrayList.forEach(ArrayList.java:1511)
... Removed 29 stack frames</div></td></tr></table><p class="totop"><a href="#summary">back to summary</a></p>
<h3 id="m7">com.proenx.rdep.myproject.pos.Create_SimpleLine_Promo_System#launchBrowser</h3><table class="result"><tr><th class="invisible"/></tr></table><p class="totop"><a href="#summary">back to summary</a></p>
<h3 id="m8">com.proenx.rdep.myproject.pos.Inventory_TestCases#getTestCaseName</h3><table class="result"><tr><th>Exception</th></tr><tr><td><div class="stacktrace">org.testng.SkipException: Skipping Test  case as Run mode is set to no
	at com.proenx.rdep.myproject.pos.Inventory_TestCases.getTestCaseName(Inventory_TestCases.java:20)
	at java.base/java.util.ArrayList.forEach(ArrayList.java:1511)
... Removed 29 stack frames</div></td></tr></table><p class="totop"><a href="#summary">back to summary</a></p>
<h3 id="m9">com.proenx.rdep.myproject.pos.Inventory_TestCases#launchBrowser</h3><table class="result"><tr><th class="invisible"/></tr></table><p class="totop"><a href="#summary">back to summary</a></p>
<h3 id="m10">com.proenx.rdep.myproject.pos.Package_Quantity_Test_Cases#getTestCaseName</h3><table class="result"><tr><th>Exception</th></tr><tr><td><div class="stacktrace">org.testng.SkipException: Skipping Test  case as Run mode is set to no
	at com.proenx.rdep.myproject.pos.Package_Quantity_Test_Cases.getTestCaseName(Package_Quantity_Test_Cases.java:20)
	at java.base/java.util.ArrayList.forEach(ArrayList.java:1511)
... Removed 29 stack frames</div></td></tr></table><p class="totop"><a href="#summary">back to summary</a></p>
<h3 id="m11">com.proenx.rdep.myproject.pos.Package_Quantity_Test_Cases#launchBrowser</h3><table class="result"><tr><th class="invisible"/></tr></table><p class="totop"><a href="#summary">back to summary</a></p>
<h3 id="m12">com.proenx.rdep.myproject.pos.Promo_Test_Case_Combination_Pool#getTestCaseName</h3><table class="result"><tr><th>Exception</th></tr><tr><td><div class="stacktrace">org.testng.SkipException: Skipping Test  case as Run mode is set to no
	at com.proenx.rdep.myproject.pos.Promo_Test_Case_Combination_Pool.getTestCaseName(Promo_Test_Case_Combination_Pool.java:19)
	at java.base/java.util.ArrayList.forEach(ArrayList.java:1511)
... Removed 29 stack frames</div></td></tr></table><p class="totop"><a href="#summary">back to summary</a></p>
<h3 id="m13">com.proenx.rdep.myproject.pos.Promo_Test_Case_Combination_Pool#launchBrowser</h3><table class="result"><tr><th class="invisible"/></tr></table><p class="totop"><a href="#summary">back to summary</a></p>
<h3 id="m14">com.proenx.rdep.myproject.pos.PromotionTestCase1#generateReport</h3><table class="result"><tr><th class="invisible"/></tr></table><p class="totop"><a href="#summary">back to summary</a></p>
<h3 id="m15">com.proenx.rdep.myproject.pos.PromotionTestCase1#getTestCaseName</h3><table class="result"><tr><th>Exception</th></tr><tr><td><div class="stacktrace">org.testng.SkipException: Skipping Test  case as Run mode is set to no
	at com.proenx.rdep.myproject.pos.PromotionTestCase1.getTestCaseName(PromotionTestCase1.java:21)
	at java.base/java.util.ArrayList.forEach(ArrayList.java:1511)
... Removed 29 stack frames</div></td></tr></table><p class="totop"><a href="#summary">back to summary</a></p>
<h3 id="m16">com.proenx.rdep.myproject.pos.PromotionTestCase1#launchBrowser</h3><table class="result"><tr><th class="invisible"/></tr></table><p class="totop"><a href="#summary">back to summary</a></p>
<h3 id="m17">com.proenx.rdep.myproject.pos.TestPractice2#getTestCaseName</h3><table class="result"><tr><th>Exception</th></tr><tr><td><div class="stacktrace">org.testng.SkipException: Skipping Test  case as Run mode is set to no
	at com.proenx.rdep.myproject.pos.TestPractice2.getTestCaseName(TestPractice2.java:20)
	at java.base/java.util.ArrayList.forEach(ArrayList.java:1511)
... Removed 29 stack frames</div></td></tr></table><p class="totop"><a href="#summary">back to summary</a></p>
<h3 id="m18">com.proenx.rdep.myproject.pos.TestPractice2#launchBrowser</h3><table class="result"><tr><th class="invisible"/></tr></table><p class="totop"><a href="#summary">back to summary</a></p>
<h3 id="m19">com.proenx.rdep.myproject.pos.Create_SimpleLine_Promo_System#create_promotion</h3><table class="result"><tr class="param"><th>Parameter #1</th></tr><tr class="param stripe"><td>{Promotion Type6=abc, Promotion Type5=abc, Promotion Type4=abc, Promotion Type3=abc, Password=ajskak, Promotion Details Error PopUp=Please Select Promotion Type, Promotion Type2=Combination Pool, Promotion Type1=Simple Line, Master Promotion End Date Format=2024-10-07 04:51 pm, Discount Value=10, Master Promotion Start Date Format=2024-10-05 04:51 pm, Promotion successful Message=Promotion configured successfully, UserName=asgs, Promotion Name=Flat 10% OFF, StoreName2=Test82 - 0292, Promotion Code=F10%, StoreName1=Rdep Meta Limited Pune - 1765, Promotion Sub type1=Percentage, Description=Simple Line Promotion, Coupon Field=T20WC, Promotion Type7=abc}</td></tr><tr><th>Exception</th></tr><tr><td><div class="stacktrace">java.lang.NullPointerException: Cannot invoke &quot;org.openqa.selenium.WebDriver.quit()&quot; because &quot;com.proenx.rdep.myproject.TestBase.driver&quot; is null
	at com.proenx.rdep.myproject.TestBase.teardown(TestBase.java:104)
	at java.base/java.util.ArrayList.forEach(ArrayList.java:1511)
... Removed 36 stack frames</div></td></tr></table><p class="totop"><a href="#summary">back to summary</a></p>
<h3 id="m20">com.proenx.rdep.myproject.pos.Inventory_TestCases#Inventory_List_Reset</h3><table class="result"><tr class="param"><th>Parameter #1</th></tr><tr class="param stripe"><td>{Inventory List Store Name3=sky, Inventory List Filter Select Store1=Rdep Meta Limited Pune - 1765, Inventory List Store Name2=wwe, Inventory List Store Name1=Rdep Meta Limited Pune - 1765, Inventory Import Successful Message=Inventory imported successfully., Inventory Import Error Message for not selecting Store=Please Select Store, Inventory List Search Data for File Reset with Single SKU file=70002400, Inventory Import Store=Rdep Meta Limited Pune - 1765, Inventory Adjustment Successful Message=Inventory adjusted successfully., Inventory Adjustment Error Message for not selecting Store=Please Select Store, Inventory List Search Data for File Reset for three sku3=8904389900550, Inventory List Search Data for File Reset for three sku2=8904389900567, Inventory List Search Data for File Reset for three sku1=40002100, Inventory List Search Data for Update for three sku3=80002500, Inventory List Search Data for Update for three sku2=50002200, Inventory List Search Data for Update for three sku1=8904389909669, Inventory Adjustment Unsuccessful Message=Error updating inventory., Inventory Import Unsuccessful Message=Required data not found. Please upload the correct file., Inventory Adjustment Error Message for not selecting file=Please Select File, Inventory Import Error Message for not selecting file=Please Select File, Inventory List Search Data forUpdate with Single SKU file=60002300}</td></tr><tr><th>Exception</th></tr><tr><td><div class="stacktrace">java.lang.NullPointerException: Cannot invoke &quot;org.openqa.selenium.WebDriver.quit()&quot; because &quot;com.proenx.rdep.myproject.TestBase.driver&quot; is null
	at com.proenx.rdep.myproject.TestBase.teardown(TestBase.java:104)
	at java.base/java.util.ArrayList.forEach(ArrayList.java:1511)
... Removed 36 stack frames</div></td></tr></table><p class="totop"><a href="#summary">back to summary</a></p>
<h3 id="m21">com.proenx.rdep.myproject.pos.Package_Quantity_Test_Cases#create_promotion</h3><table class="result"><tr class="param"><th>Parameter #1</th></tr><tr class="param stripe"><td>{Password=ajskak, Package Quantity Promotion Name=Pakage TEST, Package Quantity Promotion Code=PACKAGE12%, Package Quantity Type7=abc, Package Quatity Trigger Quantiy=2, Package Quantity Type6=abc, Package Quantity Type5=abc, Package Quantity Type4=abc, Package Quantity Type3=abc, Package Quantity Type2=abc, Package Quantity Type1=Package Quantity, Package Quantity Promotion Sub type1=Percentage, UserName=asgs, Package Quantity Description=Package Qauantity Pool Promotion, Package Quantity Discount Value=12, Package Quantity StoreName2=Test82 - 0292, Package Quantity End Date Format=2024-10-07 04:51 pm, Package Quantity StoreName1=Rdep Meta Limited Pune - 1765, Package Quantity Promotion Details Error PopUp=Please Select Promotion Type, Package Quantity  Promotion successful Message=Promotion configured successfully, Package Quantity Start Date Format=2024-10-05 04:51 pm, Package Quantity Pool Coupon Field=T20WC}</td></tr><tr><th>Exception</th></tr><tr><td><div class="stacktrace">java.lang.NullPointerException: Cannot invoke &quot;org.openqa.selenium.WebDriver.quit()&quot; because &quot;com.proenx.rdep.myproject.TestBase.driver&quot; is null
	at com.proenx.rdep.myproject.TestBase.teardown(TestBase.java:104)
	at java.base/java.util.ArrayList.forEach(ArrayList.java:1511)
... Removed 36 stack frames</div></td></tr></table><p class="totop"><a href="#summary">back to summary</a></p>
<h3 id="m22">com.proenx.rdep.myproject.pos.Promo_Test_Case_Combination_Pool#create_promotion</h3><table class="result"><tr class="param"><th>Parameter #1</th></tr><tr class="param stripe"><td>{combination Pool Type5=abc, UserName=admin, Coupon Field=T20WC, combination Pool Type4=abc, Combination Pool Discount Value=15, combination Pool Type3=abc, combination Pool Type2=abc, combination Pool Type1=Combination Pool, Combination Pool Promotion Details Error PopUp=Please Select Promotion Type, StoreName2=Test82 - 0292, Password=admin, StoreName1=Rdep Meta Limited Pune - 1765, Combination Pool Description=Combination Pool Promotion, Combination Pool Promotion successful Message=Promotion configured successfully, Discount Value=10, Promotion successful Message=Promotion configured successfully, Description=Simple Line Promotion, Combination Pool Promotion Code=COM15%, Promotion Details Error PopUp=Please Select Promotion Type, CombinationPool End Date Format=2024-10-07 04:51 pm, Master Promotion Start Date Format=2024-10-05 04:51 pm, Combination Pool Promotion Sub type1=Percentage, Promotion Type7=abc, Master Promotion End Date Format=2024-10-07 04:51 pm, Combination Pool Coupon Field=T20WC, Promotion Type6=abc, Promotion Type5=abc, Promotion Type4=abc, Promotion Code=F10%, Combination Pool Promotion Name=Combi Test, Combination Pool StoreName2=Test82 - 0292, Promotion Type3=abc, Combination Pool StoreName1=Rdep Meta Limited Pune - 1765, Promotion Type2=Combination Pool, Promotion Type1=Simple Line, Promotion Sub type1=Percentage, Promotion Name=Flat 10% OFF, CombinationPool Start Date Format=2024-10-05 04:51 pm, Combination Pool Qualified Quantiy=2}</td></tr><tr><th>Exception</th></tr><tr><td><div class="stacktrace">java.lang.NullPointerException: Cannot invoke &quot;org.openqa.selenium.WebDriver.quit()&quot; because &quot;com.proenx.rdep.myproject.TestBase.driver&quot; is null
	at com.proenx.rdep.myproject.TestBase.teardown(TestBase.java:104)
	at java.base/java.util.ArrayList.forEach(ArrayList.java:1511)
... Removed 36 stack frames</div></td></tr></table><p class="totop"><a href="#summary">back to summary</a></p>
<h3 id="m23">com.proenx.rdep.myproject.pos.PromotionTestCase1#promotionTC1</h3><table class="result"><tr class="param"><th>Parameter #1</th></tr><tr class="param stripe"><td>{LoginPageText3=Forgot your password?, LoginPageText2=©2024 - All rights reserved by ProenX Pte Ltd., just check=sunil, LoginPageText1=v2.0.0, Password=ajskak, Promotion Details Error PopUp=Please Select Promotion Type, Promotion Type2=Combination Pool, Master Promotion End Date Format=2024-10-03 04:51 pm, Discount Value=10, Master Promotion Start Date Format=2024-02-10 04:51 pm, Promotion successful Message=Promotion configured successfully, Promotion Name=Flat 10% OFF, StoreName2=Test82 - 0292, Promotion Code=F10%, StoreName1=Rdep Meta Limited Pune - 1765, Active Status2=false, Description=Simple Line Promotion, Promotion Sub type1=Percentage, Active Status1=true, LoginPageText7=Log In, Coupon Field=T20WC, LoginPageText6=Sign In, LoginPageText5=Password, LoginPageText4=Username}</td></tr><tr><th>Exception</th></tr><tr><td><div class="stacktrace">org.testng.SkipException: Skipping Test  case as Run mode is set to no
	at com.proenx.rdep.myproject.pos.PromotionTestCase1.getTestCaseName(PromotionTestCase1.java:21)
	at java.base/java.util.ArrayList.forEach(ArrayList.java:1511)
... Removed 29 stack frames</div></td></tr></table><p class="totop"><a href="#summary">back to summary</a></p>
<h3 id="m24">com.proenx.rdep.myproject.pos.TestPractice2#SalesReportvaliddata</h3><table class="result"><tr class="param"><th>Parameter #1</th></tr><tr class="param stripe"><td>{LoginPageText3=Forgot your password?, LoginPageText2=©2024 - All rights reserved by ProenX Pte Ltd., Sales Reprt Bill Id Hyperlink itemdetails=Aer KOW-MAR-R-0100 | White | 44, LoginPageText1=v2.0.0, Password=ajskak, Wrong Password=1234ad, Sales Report End Date Format=2024-09-27 04:51 pm, UserName=asgs, Table Data For Validation=10031110337, Carts Table Data For Validation=ajith.h@proenx.com, SourceName=MPOS, BillID Hyperlink=10031110337, DeliveryStatusName=Packed, Sales Report Start Date Format=2024-05-10 04:51 pm, POP Message For No Data in the Table=Orders List not found, StatusName=VOID, DashBoardText=Dashboard | RDEP, StoreName2=Test82 - 0292, StoreName1=Select All, LoginPageText7=Log In, Sales Report Start Date Format for negative scenario=2024-09-28 04:51 pm, LoginPageText6=Sign In, LoginPageText5=Password, LoginPageText4=Username, Wrong UserName=addmi}</td></tr><tr><th>Exception</th></tr><tr><td><div class="stacktrace">java.lang.NullPointerException: Cannot invoke &quot;org.openqa.selenium.WebDriver.quit()&quot; because &quot;com.proenx.rdep.myproject.TestBase.driver&quot; is null
	at com.proenx.rdep.myproject.TestBase.teardown(TestBase.java:104)
	at java.base/java.util.ArrayList.forEach(ArrayList.java:1511)
... Removed 36 stack frames</div></td></tr></table><p class="totop"><a href="#summary">back to summary</a></p>
<h3 id="m25">com.proenx.rdep.myproject.pos.Single_Product_TestCases#single_Product3</h3><table class="result"><tr class="param"><th>Parameter #1</th></tr><tr class="param stripe"><td>{Stock for adding new Product=5, Select Store for adding new Product=Blissclub HSR - 0265, Error Message for  Product Catagory  Mandatory Field=Please Select Category., Error Message for  Product SKU Mandatory Field=Please Enter Product SKU., Product Sku=202325, Error Message for   Entering Category Name  Mandatory Field=Please Enter Category Name, Attribute Type1=Color, Product Description=Pure Crystal Glass Boltle withEnv Friendlt Material, Error Message for  Product Name Mandatory Field=Please Enter Product Name, Error Message for  Select Store Mandatory Field=Please Select Store., Least Price for adding new Product=399, Select Category for adding new Product=Accessories, Catagory Description inside Add Catagory Screen=Pure Cotton with HandMade Craft, Unit Price for adding new Product=399, Catagory Name inside Add Catagory Screen=Cotton Section1, Select Store for adding new Catagory=Blissclub HSR - 0265, Error Message for   Entering Description  Mandatory Field=Please Enter Category Description, Attribute Value1=Bella Blue, path of file=C:\\Users\\sunil\\Test File Format\\screenshot.png, Product Name=202325_Glass_Bottle}</td></tr></table><p class="totop"><a href="#summary">back to summary</a></p>
</body>
</html>
