<?xml version="1.0" encoding="UTF-8"?>
<testsuite xmlns:xsi="http://www.w3.org/2001/XMLSchema-instance" xsi:noNamespaceSchemaLocation="https://maven.apache.org/surefire/maven-surefire-plugin/xsd/surefire-test-report.xsd" version="3.0.2" name="TestSuite" time="78.494" tests="26" errors="0" skipped="19" failures="6">
  <properties>
    <property name="java.specification.version" value="17"/>
    <property name="sun.cpu.isalist" value="amd64"/>
    <property name="sun.jnu.encoding" value="Cp1252"/>
    <property name="sun.awt.enableExtraMouseButtons" value="true"/>
    <property name="java.class.path" value="C:\Users\sunil\eclipse-workspace\Regression_Pos_project\target\test-classes;C:\Users\sunil\eclipse-workspace\Regression_Pos_project\target\classes;C:\Users\sunil\.m2\repository\org\seleniumhq\selenium\selenium-java\4.23.1\selenium-java-4.23.1.jar;C:\Users\sunil\.m2\repository\org\seleniumhq\selenium\selenium-api\4.23.1\selenium-api-4.23.1.jar;C:\Users\sunil\.m2\repository\org\seleniumhq\selenium\selenium-chrome-driver\4.23.1\selenium-chrome-driver-4.23.1.jar;C:\Users\sunil\.m2\repository\com\google\auto\service\auto-service-annotations\1.1.1\auto-service-annotations-1.1.1.jar;C:\Users\sunil\.m2\repository\org\seleniumhq\selenium\selenium-chromium-driver\4.23.1\selenium-chromium-driver-4.23.1.jar;C:\Users\sunil\.m2\repository\org\seleniumhq\selenium\selenium-json\4.23.1\selenium-json-4.23.1.jar;C:\Users\sunil\.m2\repository\org\seleniumhq\selenium\selenium-manager\4.23.1\selenium-manager-4.23.1.jar;C:\Users\sunil\.m2\repository\org\seleniumhq\selenium\selenium-devtools-v125\4.23.1\selenium-devtools-v125-4.23.1.jar;C:\Users\sunil\.m2\repository\org\seleniumhq\selenium\selenium-devtools-v126\4.23.1\selenium-devtools-v126-4.23.1.jar;C:\Users\sunil\.m2\repository\org\seleniumhq\selenium\selenium-devtools-v127\4.23.1\selenium-devtools-v127-4.23.1.jar;C:\Users\sunil\.m2\repository\org\seleniumhq\selenium\selenium-devtools-v85\4.23.1\selenium-devtools-v85-4.23.1.jar;C:\Users\sunil\.m2\repository\org\seleniumhq\selenium\selenium-edge-driver\4.23.1\selenium-edge-driver-4.23.1.jar;C:\Users\sunil\.m2\repository\org\seleniumhq\selenium\selenium-firefox-driver\4.23.1\selenium-firefox-driver-4.23.1.jar;C:\Users\sunil\.m2\repository\org\seleniumhq\selenium\selenium-http\4.23.1\selenium-http-4.23.1.jar;C:\Users\sunil\.m2\repository\dev\failsafe\failsafe\3.3.2\failsafe-3.3.2.jar;C:\Users\sunil\.m2\repository\org\seleniumhq\selenium\selenium-ie-driver\4.23.1\selenium-ie-driver-4.23.1.jar;C:\Users\sunil\.m2\repository\org\seleniumhq\selenium\selenium-remote-driver\4.23.1\selenium-remote-driver-4.23.1.jar;C:\Users\sunil\.m2\repository\com\google\guava\guava\33.2.1-jre\guava-33.2.1-jre.jar;C:\Users\sunil\.m2\repository\com\google\guava\failureaccess\1.0.2\failureaccess-1.0.2.jar;C:\Users\sunil\.m2\repository\com\google\guava\listenablefuture\9999.0-empty-to-avoid-conflict-with-guava\listenablefuture-9999.0-empty-to-avoid-conflict-with-guava.jar;C:\Users\sunil\.m2\repository\com\google\code\findbugs\jsr305\3.0.2\jsr305-3.0.2.jar;C:\Users\sunil\.m2\repository\org\checkerframework\checker-qual\3.42.0\checker-qual-3.42.0.jar;C:\Users\sunil\.m2\repository\com\google\errorprone\error_prone_annotations\2.26.1\error_prone_annotations-2.26.1.jar;C:\Users\sunil\.m2\repository\com\google\j2objc\j2objc-annotations\3.0.0\j2objc-annotations-3.0.0.jar;C:\Users\sunil\.m2\repository\io\opentelemetry\semconv\opentelemetry-semconv\1.25.0-alpha\opentelemetry-semconv-1.25.0-alpha.jar;C:\Users\sunil\.m2\repository\io\opentelemetry\opentelemetry-api\1.40.0\opentelemetry-api-1.40.0.jar;C:\Users\sunil\.m2\repository\io\opentelemetry\opentelemetry-context\1.40.0\opentelemetry-context-1.40.0.jar;C:\Users\sunil\.m2\repository\io\opentelemetry\opentelemetry-exporter-logging\1.40.0\opentelemetry-exporter-logging-1.40.0.jar;C:\Users\sunil\.m2\repository\io\opentelemetry\opentelemetry-sdk-common\1.40.0\opentelemetry-sdk-common-1.40.0.jar;C:\Users\sunil\.m2\repository\io\opentelemetry\opentelemetry-sdk-extension-autoconfigure-spi\1.40.0\opentelemetry-sdk-extension-autoconfigure-spi-1.40.0.jar;C:\Users\sunil\.m2\repository\io\opentelemetry\opentelemetry-sdk-extension-autoconfigure\1.40.0\opentelemetry-sdk-extension-autoconfigure-1.40.0.jar;C:\Users\sunil\.m2\repository\io\opentelemetry\opentelemetry-api-incubator\1.40.0-alpha\opentelemetry-api-incubator-1.40.0-alpha.jar;C:\Users\sunil\.m2\repository\io\opentelemetry\opentelemetry-sdk-trace\1.40.0\opentelemetry-sdk-trace-1.40.0.jar;C:\Users\sunil\.m2\repository\io\opentelemetry\opentelemetry-sdk\1.40.0\opentelemetry-sdk-1.40.0.jar;C:\Users\sunil\.m2\repository\io\opentelemetry\opentelemetry-sdk-metrics\1.40.0\opentelemetry-sdk-metrics-1.40.0.jar;C:\Users\sunil\.m2\repository\io\opentelemetry\opentelemetry-sdk-logs\1.40.0\opentelemetry-sdk-logs-1.40.0.jar;C:\Users\sunil\.m2\repository\net\bytebuddy\byte-buddy\1.14.18\byte-buddy-1.14.18.jar;C:\Users\sunil\.m2\repository\org\seleniumhq\selenium\selenium-os\4.23.1\selenium-os-4.23.1.jar;C:\Users\sunil\.m2\repository\org\apache\commons\commons-exec\1.4.0\commons-exec-1.4.0.jar;C:\Users\sunil\.m2\repository\org\seleniumhq\selenium\selenium-safari-driver\4.23.1\selenium-safari-driver-4.23.1.jar;C:\Users\sunil\.m2\repository\org\seleniumhq\selenium\selenium-support\4.23.1\selenium-support-4.23.1.jar;C:\Users\sunil\.m2\repository\org\testng\testng\7.10.2\testng-7.10.2.jar;C:\Users\sunil\.m2\repository\org\slf4j\slf4j-api\1.7.36\slf4j-api-1.7.36.jar;C:\Users\sunil\.m2\repository\com\beust\jcommander\1.82\jcommander-1.82.jar;C:\Users\sunil\.m2\repository\org\webjars\jquery\3.7.1\jquery-3.7.1.jar;C:\Users\sunil\.m2\repository\org\projectlombok\lombok\1.18.30\lombok-1.18.30.jar;C:\Users\sunil\.m2\repository\com\aventstack\extentreports\5.0.9\extentreports-5.0.9.jar;C:\Users\sunil\.m2\repository\io\reactivex\rxjava3\rxjava\3.0.4\rxjava-3.0.4.jar;C:\Users\sunil\.m2\repository\org\reactivestreams\reactive-streams\1.0.3\reactive-streams-1.0.3.jar;C:\Users\sunil\.m2\repository\org\freemarker\freemarker\2.3.30\freemarker-2.3.30.jar;C:\Users\sunil\.m2\repository\com\google\code\gson\gson\2.8.6\gson-2.8.6.jar;C:\Users\sunil\.m2\repository\net\sourceforge\tess4j\tess4j\5.13.0\tess4j-5.13.0.jar;C:\Users\sunil\.m2\repository\net\java\dev\jna\jna\5.14.0\jna-5.14.0.jar;C:\Users\sunil\.m2\repository\com\github\jai-imageio\jai-imageio-core\1.4.0\jai-imageio-core-1.4.0.jar;C:\Users\sunil\.m2\repository\org\apache\pdfbox\pdfbox\3.0.3\pdfbox-3.0.3.jar;C:\Users\sunil\.m2\repository\org\apache\pdfbox\pdfbox-io\3.0.3\pdfbox-io-3.0.3.jar;C:\Users\sunil\.m2\repository\org\apache\pdfbox\fontbox\3.0.3\fontbox-3.0.3.jar;C:\Users\sunil\.m2\repository\commons-logging\commons-logging\1.3.3\commons-logging-1.3.3.jar;C:\Users\sunil\.m2\repository\org\apache\pdfbox\pdfbox-tools\3.0.3\pdfbox-tools-3.0.3.jar;C:\Users\sunil\.m2\repository\org\apache\pdfbox\pdfbox-debugger\3.0.3\pdfbox-debugger-3.0.3.jar;C:\Users\sunil\.m2\repository\info\picocli\picocli\4.7.6\picocli-4.7.6.jar;C:\Users\sunil\.m2\repository\org\apache\pdfbox\jbig2-imageio\3.0.4\jbig2-imageio-3.0.4.jar;C:\Users\sunil\.m2\repository\commons-io\commons-io\2.16.1\commons-io-2.16.1.jar;C:\Users\sunil\.m2\repository\net\sourceforge\lept4j\lept4j\1.19.1\lept4j-1.19.1.jar;C:\Users\sunil\.m2\repository\org\jboss\jboss-vfs\3.2.17.Final\jboss-vfs-3.2.17.Final.jar;C:\Users\sunil\.m2\repository\org\jboss\logging\jboss-logging\3.1.4.GA\jboss-logging-3.1.4.GA.jar;C:\Users\sunil\.m2\repository\org\apache\poi\poi\5.2.3\poi-5.2.3.jar;C:\Users\sunil\.m2\repository\commons-codec\commons-codec\1.15\commons-codec-1.15.jar;C:\Users\sunil\.m2\repository\org\apache\commons\commons-collections4\4.4\commons-collections4-4.4.jar;C:\Users\sunil\.m2\repository\org\apache\commons\commons-math3\3.6.1\commons-math3-3.6.1.jar;C:\Users\sunil\.m2\repository\com\zaxxer\SparseBitSet\1.2\SparseBitSet-1.2.jar;C:\Users\sunil\.m2\repository\org\apache\logging\log4j\log4j-api\2.18.0\log4j-api-2.18.0.jar;C:\Users\sunil\.m2\repository\org\apache\poi\poi-ooxml\5.2.3\poi-ooxml-5.2.3.jar;C:\Users\sunil\.m2\repository\org\apache\poi\poi-ooxml-lite\5.2.3\poi-ooxml-lite-5.2.3.jar;C:\Users\sunil\.m2\repository\org\apache\commons\commons-compress\1.21\commons-compress-1.21.jar;C:\Users\sunil\.m2\repository\com\github\virtuald\curvesapi\1.07\curvesapi-1.07.jar;C:\Users\sunil\.m2\repository\org\apache\xmlbeans\xmlbeans\5.0.2\xmlbeans-5.0.2.jar;C:\Users\sunil\.m2\repository\org\apache\poi\poi-ooxml-schemas\4.1.2\poi-ooxml-schemas-4.1.2.jar;"/>
    <property name="java.vm.vendor" value="Oracle Corporation"/>
    <property name="sun.arch.data.model" value="64"/>
    <property name="user.variant" value=""/>
    <property name="java.vendor.url" value="https://java.oracle.com/"/>
    <property name="user.timezone" value="Asia/Calcutta"/>
    <property name="os.name" value="Windows 11"/>
    <property name="java.vm.specification.version" value="17"/>
    <property name="sun.java.launcher" value="SUN_STANDARD"/>
    <property name="user.country" value="IN"/>
    <property name="sun.boot.library.path" value="C:\Program Files\Java\jdk-17\bin"/>
    <property name="sun.java.command" value="C:\Users\sunil\AppData\Local\Temp\surefire13715764781200134513\surefirebooter-20241028232915180_3.jar C:\Users\sunil\AppData\Local\Temp\surefire13715764781200134513 2024-10-28T23-29-15_044-jvmRun1 surefire-20241028232915180_1tmp surefire_0-20241028232915180_2tmp"/>
    <property name="jdk.debug" value="release"/>
    <property name="surefire.test.class.path" value="C:\Users\sunil\eclipse-workspace\Regression_Pos_project\target\test-classes;C:\Users\sunil\eclipse-workspace\Regression_Pos_project\target\classes;C:\Users\sunil\.m2\repository\org\seleniumhq\selenium\selenium-java\4.23.1\selenium-java-4.23.1.jar;C:\Users\sunil\.m2\repository\org\seleniumhq\selenium\selenium-api\4.23.1\selenium-api-4.23.1.jar;C:\Users\sunil\.m2\repository\org\seleniumhq\selenium\selenium-chrome-driver\4.23.1\selenium-chrome-driver-4.23.1.jar;C:\Users\sunil\.m2\repository\com\google\auto\service\auto-service-annotations\1.1.1\auto-service-annotations-1.1.1.jar;C:\Users\sunil\.m2\repository\org\seleniumhq\selenium\selenium-chromium-driver\4.23.1\selenium-chromium-driver-4.23.1.jar;C:\Users\sunil\.m2\repository\org\seleniumhq\selenium\selenium-json\4.23.1\selenium-json-4.23.1.jar;C:\Users\sunil\.m2\repository\org\seleniumhq\selenium\selenium-manager\4.23.1\selenium-manager-4.23.1.jar;C:\Users\sunil\.m2\repository\org\seleniumhq\selenium\selenium-devtools-v125\4.23.1\selenium-devtools-v125-4.23.1.jar;C:\Users\sunil\.m2\repository\org\seleniumhq\selenium\selenium-devtools-v126\4.23.1\selenium-devtools-v126-4.23.1.jar;C:\Users\sunil\.m2\repository\org\seleniumhq\selenium\selenium-devtools-v127\4.23.1\selenium-devtools-v127-4.23.1.jar;C:\Users\sunil\.m2\repository\org\seleniumhq\selenium\selenium-devtools-v85\4.23.1\selenium-devtools-v85-4.23.1.jar;C:\Users\sunil\.m2\repository\org\seleniumhq\selenium\selenium-edge-driver\4.23.1\selenium-edge-driver-4.23.1.jar;C:\Users\sunil\.m2\repository\org\seleniumhq\selenium\selenium-firefox-driver\4.23.1\selenium-firefox-driver-4.23.1.jar;C:\Users\sunil\.m2\repository\org\seleniumhq\selenium\selenium-http\4.23.1\selenium-http-4.23.1.jar;C:\Users\sunil\.m2\repository\dev\failsafe\failsafe\3.3.2\failsafe-3.3.2.jar;C:\Users\sunil\.m2\repository\org\seleniumhq\selenium\selenium-ie-driver\4.23.1\selenium-ie-driver-4.23.1.jar;C:\Users\sunil\.m2\repository\org\seleniumhq\selenium\selenium-remote-driver\4.23.1\selenium-remote-driver-4.23.1.jar;C:\Users\sunil\.m2\repository\com\google\guava\guava\33.2.1-jre\guava-33.2.1-jre.jar;C:\Users\sunil\.m2\repository\com\google\guava\failureaccess\1.0.2\failureaccess-1.0.2.jar;C:\Users\sunil\.m2\repository\com\google\guava\listenablefuture\9999.0-empty-to-avoid-conflict-with-guava\listenablefuture-9999.0-empty-to-avoid-conflict-with-guava.jar;C:\Users\sunil\.m2\repository\com\google\code\findbugs\jsr305\3.0.2\jsr305-3.0.2.jar;C:\Users\sunil\.m2\repository\org\checkerframework\checker-qual\3.42.0\checker-qual-3.42.0.jar;C:\Users\sunil\.m2\repository\com\google\errorprone\error_prone_annotations\2.26.1\error_prone_annotations-2.26.1.jar;C:\Users\sunil\.m2\repository\com\google\j2objc\j2objc-annotations\3.0.0\j2objc-annotations-3.0.0.jar;C:\Users\sunil\.m2\repository\io\opentelemetry\semconv\opentelemetry-semconv\1.25.0-alpha\opentelemetry-semconv-1.25.0-alpha.jar;C:\Users\sunil\.m2\repository\io\opentelemetry\opentelemetry-api\1.40.0\opentelemetry-api-1.40.0.jar;C:\Users\sunil\.m2\repository\io\opentelemetry\opentelemetry-context\1.40.0\opentelemetry-context-1.40.0.jar;C:\Users\sunil\.m2\repository\io\opentelemetry\opentelemetry-exporter-logging\1.40.0\opentelemetry-exporter-logging-1.40.0.jar;C:\Users\sunil\.m2\repository\io\opentelemetry\opentelemetry-sdk-common\1.40.0\opentelemetry-sdk-common-1.40.0.jar;C:\Users\sunil\.m2\repository\io\opentelemetry\opentelemetry-sdk-extension-autoconfigure-spi\1.40.0\opentelemetry-sdk-extension-autoconfigure-spi-1.40.0.jar;C:\Users\sunil\.m2\repository\io\opentelemetry\opentelemetry-sdk-extension-autoconfigure\1.40.0\opentelemetry-sdk-extension-autoconfigure-1.40.0.jar;C:\Users\sunil\.m2\repository\io\opentelemetry\opentelemetry-api-incubator\1.40.0-alpha\opentelemetry-api-incubator-1.40.0-alpha.jar;C:\Users\sunil\.m2\repository\io\opentelemetry\opentelemetry-sdk-trace\1.40.0\opentelemetry-sdk-trace-1.40.0.jar;C:\Users\sunil\.m2\repository\io\opentelemetry\opentelemetry-sdk\1.40.0\opentelemetry-sdk-1.40.0.jar;C:\Users\sunil\.m2\repository\io\opentelemetry\opentelemetry-sdk-metrics\1.40.0\opentelemetry-sdk-metrics-1.40.0.jar;C:\Users\sunil\.m2\repository\io\opentelemetry\opentelemetry-sdk-logs\1.40.0\opentelemetry-sdk-logs-1.40.0.jar;C:\Users\sunil\.m2\repository\net\bytebuddy\byte-buddy\1.14.18\byte-buddy-1.14.18.jar;C:\Users\sunil\.m2\repository\org\seleniumhq\selenium\selenium-os\4.23.1\selenium-os-4.23.1.jar;C:\Users\sunil\.m2\repository\org\apache\commons\commons-exec\1.4.0\commons-exec-1.4.0.jar;C:\Users\sunil\.m2\repository\org\seleniumhq\selenium\selenium-safari-driver\4.23.1\selenium-safari-driver-4.23.1.jar;C:\Users\sunil\.m2\repository\org\seleniumhq\selenium\selenium-support\4.23.1\selenium-support-4.23.1.jar;C:\Users\sunil\.m2\repository\org\testng\testng\7.10.2\testng-7.10.2.jar;C:\Users\sunil\.m2\repository\org\slf4j\slf4j-api\1.7.36\slf4j-api-1.7.36.jar;C:\Users\sunil\.m2\repository\com\beust\jcommander\1.82\jcommander-1.82.jar;C:\Users\sunil\.m2\repository\org\webjars\jquery\3.7.1\jquery-3.7.1.jar;C:\Users\sunil\.m2\repository\org\projectlombok\lombok\1.18.30\lombok-1.18.30.jar;C:\Users\sunil\.m2\repository\com\aventstack\extentreports\5.0.9\extentreports-5.0.9.jar;C:\Users\sunil\.m2\repository\io\reactivex\rxjava3\rxjava\3.0.4\rxjava-3.0.4.jar;C:\Users\sunil\.m2\repository\org\reactivestreams\reactive-streams\1.0.3\reactive-streams-1.0.3.jar;C:\Users\sunil\.m2\repository\org\freemarker\freemarker\2.3.30\freemarker-2.3.30.jar;C:\Users\sunil\.m2\repository\com\google\code\gson\gson\2.8.6\gson-2.8.6.jar;C:\Users\sunil\.m2\repository\net\sourceforge\tess4j\tess4j\5.13.0\tess4j-5.13.0.jar;C:\Users\sunil\.m2\repository\net\java\dev\jna\jna\5.14.0\jna-5.14.0.jar;C:\Users\sunil\.m2\repository\com\github\jai-imageio\jai-imageio-core\1.4.0\jai-imageio-core-1.4.0.jar;C:\Users\sunil\.m2\repository\org\apache\pdfbox\pdfbox\3.0.3\pdfbox-3.0.3.jar;C:\Users\sunil\.m2\repository\org\apache\pdfbox\pdfbox-io\3.0.3\pdfbox-io-3.0.3.jar;C:\Users\sunil\.m2\repository\org\apache\pdfbox\fontbox\3.0.3\fontbox-3.0.3.jar;C:\Users\sunil\.m2\repository\commons-logging\commons-logging\1.3.3\commons-logging-1.3.3.jar;C:\Users\sunil\.m2\repository\org\apache\pdfbox\pdfbox-tools\3.0.3\pdfbox-tools-3.0.3.jar;C:\Users\sunil\.m2\repository\org\apache\pdfbox\pdfbox-debugger\3.0.3\pdfbox-debugger-3.0.3.jar;C:\Users\sunil\.m2\repository\info\picocli\picocli\4.7.6\picocli-4.7.6.jar;C:\Users\sunil\.m2\repository\org\apache\pdfbox\jbig2-imageio\3.0.4\jbig2-imageio-3.0.4.jar;C:\Users\sunil\.m2\repository\commons-io\commons-io\2.16.1\commons-io-2.16.1.jar;C:\Users\sunil\.m2\repository\net\sourceforge\lept4j\lept4j\1.19.1\lept4j-1.19.1.jar;C:\Users\sunil\.m2\repository\org\jboss\jboss-vfs\3.2.17.Final\jboss-vfs-3.2.17.Final.jar;C:\Users\sunil\.m2\repository\org\jboss\logging\jboss-logging\3.1.4.GA\jboss-logging-3.1.4.GA.jar;C:\Users\sunil\.m2\repository\org\apache\poi\poi\5.2.3\poi-5.2.3.jar;C:\Users\sunil\.m2\repository\commons-codec\commons-codec\1.15\commons-codec-1.15.jar;C:\Users\sunil\.m2\repository\org\apache\commons\commons-collections4\4.4\commons-collections4-4.4.jar;C:\Users\sunil\.m2\repository\org\apache\commons\commons-math3\3.6.1\commons-math3-3.6.1.jar;C:\Users\sunil\.m2\repository\com\zaxxer\SparseBitSet\1.2\SparseBitSet-1.2.jar;C:\Users\sunil\.m2\repository\org\apache\logging\log4j\log4j-api\2.18.0\log4j-api-2.18.0.jar;C:\Users\sunil\.m2\repository\org\apache\poi\poi-ooxml\5.2.3\poi-ooxml-5.2.3.jar;C:\Users\sunil\.m2\repository\org\apache\poi\poi-ooxml-lite\5.2.3\poi-ooxml-lite-5.2.3.jar;C:\Users\sunil\.m2\repository\org\apache\commons\commons-compress\1.21\commons-compress-1.21.jar;C:\Users\sunil\.m2\repository\com\github\virtuald\curvesapi\1.07\curvesapi-1.07.jar;C:\Users\sunil\.m2\repository\org\apache\xmlbeans\xmlbeans\5.0.2\xmlbeans-5.0.2.jar;C:\Users\sunil\.m2\repository\org\apache\poi\poi-ooxml-schemas\4.1.2\poi-ooxml-schemas-4.1.2.jar;"/>
    <property name="sun.cpu.endian" value="little"/>
    <property name="user.home" value="C:\Users\sunil"/>
    <property name="user.language" value="en"/>
    <property name="java.specification.vendor" value="Oracle Corporation"/>
    <property name="java.version.date" value="2024-07-16"/>
    <property name="java.home" value="C:\Program Files\Java\jdk-17"/>
    <property name="file.separator" value="\"/>
    <property name="basedir" value="C:\Users\sunil\eclipse-workspace\Regression_Pos_project"/>
    <property name="java.vm.compressedOopsMode" value="Zero based"/>
    <property name="line.separator" value="&#10;"/>
    <property name="java.vm.specification.vendor" value="Oracle Corporation"/>
    <property name="java.specification.name" value="Java Platform API Specification"/>
    <property name="surefire.real.class.path" value="C:\Users\sunil\AppData\Local\Temp\surefire13715764781200134513\surefirebooter-20241028232915180_3.jar"/>
    <property name="user.script" value=""/>
    <property name="sun.management.compiler" value="HotSpot 64-Bit Tiered Compilers"/>
    <property name="java.runtime.version" value="17.0.12+8-LTS-286"/>
    <property name="user.name" value="sunil"/>
    <property name="path.separator" value=";"/>
    <property name="os.version" value="10.0"/>
    <property name="java.runtime.name" value="Java(TM) SE Runtime Environment"/>
    <property name="file.encoding" value="Cp1252"/>
    <property name="java.vm.name" value="Java HotSpot(TM) 64-Bit Server VM"/>
    <property name="localRepository" value="C:\Users\sunil\.m2\repository"/>
    <property name="java.vendor.url.bug" value="https://bugreport.java.com/bugreport/"/>
    <property name="java.io.tmpdir" value="C:\Users\sunil\AppData\Local\Temp\"/>
    <property name="java.version" value="17.0.12"/>
    <property name="user.dir" value="C:\Users\sunil\eclipse-workspace\Regression_Pos_project"/>
    <property name="os.arch" value="amd64"/>
    <property name="java.vm.specification.name" value="Java Virtual Machine Specification"/>
    <property name="sun.os.patch.level" value=""/>
    <property name="native.encoding" value="Cp1252"/>
    <property name="java.library.path" value="C:\Program Files\Java\jdk-17\bin;C:\WINDOWS\Sun\Java\bin;C:\WINDOWS\system32;C:\WINDOWS;C:\Program Files\Common Files\Oracle\Java\javapath;C:\WINDOWS\system32;C:\WINDOWS;C:\WINDOWS\System32\Wbem;C:\WINDOWS\System32\WindowsPowerShell\v1.0\;C:\WINDOWS\System32\OpenSSH\;C:\Program Files\Java\jdk-17;C:\Users\sunil\Downloads\apache-maven-3.9.9-bin\apache-maven-3.9.9\bin;C:\Program Files\nodejs\;C:\Program Files\nodejs\node_modules;C:\Program Files\Git\cmd;C:\Users\sunil\AppData\Local\Microsoft\WindowsApps;C:\Users\sunil\AppData\Roaming\npm;."/>
    <property name="java.vm.info" value="mixed mode, sharing"/>
    <property name="java.vendor" value="Oracle Corporation"/>
    <property name="java.vm.version" value="17.0.12+8-LTS-286"/>
    <property name="sun.io.unicode.encoding" value="UnicodeLittle"/>
    <property name="java.class.version" value="61.0"/>
  </properties>
  <testcase name="getTestCaseName" classname="com.proenx.rdep.myproject.pos.PromotionTestCase1" time="0.0">
    <skipped message="Skipping Test  case as Run mode is set to no"/>
    <system-out><![CDATA[Reading Configue file 
configue file is loaded 
Reading PROP file 
PROP file is loaded 
Reading PROP file 
HasTable Run Mode :{PromotionTestCase1=N, TestPractice2=N, Create_SimpleLine_Promo_System=N, Package_Quantity_Test_Cases=N, Promo_Test_Case_Combination_Pool=N, Single_Product_TestCases=Y, Inventory_TestCases=N}
]]></system-out>
    <system-err><![CDATA[SLF4J: Failed to load class "org.slf4j.impl.StaticLoggerBinder".
SLF4J: Defaulting to no-operation (NOP) logger implementation
SLF4J: See http://www.slf4j.org/codes.html#StaticLoggerBinder for further details.
ERROR StatusLogger Log4j2 could not find a logging implementation. Please add log4j-core to the classpath. Using SimpleLogger to log to the console...
]]></system-err>
  </testcase>
  <testcase name="launchBrowser" classname="com.proenx.rdep.myproject.pos.PromotionTestCase1" time="0.0">
    <skipped/>
    <system-out><![CDATA[PromotionTestCase1 test case starts from row number :- 5
Total number of columns are:- 24
Total number of iterations/rows are :- 1
***************************************************

----{LoginPageText3=Forgot your password?, LoginPageText2=©2024 - All rights reserved by ProenX Pte Ltd., just check=sunil, LoginPageText1=v2.0.0, Password=ajskak, Promotion Details Error PopUp=Please Select Promotion Type, Promotion Type2=Combination Pool, Master Promotion End Date Format=2024-10-03 04:51 pm, Discount Value=10, Master Promotion Start Date Format=2024-02-10 04:51 pm, Promotion successful Message=Promotion configured successfully, Promotion Name=Flat 10% OFF, StoreName2=Test82 - 0292, Promotion Code=F10%, StoreName1=Rdep Meta Limited Pune - 1765, Active Status2=false, Description=Simple Line Promotion, Promotion Sub type1=Percentage, Active Status1=true, LoginPageText7=Log In, Coupon Field=T20WC, LoginPageText6=Sign In, LoginPageText5=Password, LoginPageText4=Username}
]]></system-out>
  </testcase>
  <testcase name="promotionTC1[{LoginPageText3=Forgot your password?, LoginPageText2=©2024 - All rights reserved by ProenX Pte Ltd., just check=sunil, LoginPageText1=v2.0.0, Password=ajskak, Promotion Details Error PopUp=Please Select Promotion Type, Promotion Type2=Combination Pool, Master Promotion End Date Format=2024-10-03 04:51 pm, Discount Value=10, Master Promotion Start Date Format=2024-02-10 04:51 pm, Promotion successful Message=Promotion configured successfully, Promotion Name=Flat 10% OFF, StoreName2=Test82 - 0292, Promotion Code=F10%, StoreName1=Rdep Meta Limited Pune - 1765, Active Status2=false, Description=Simple Line Promotion, Promotion Sub type1=Percentage, Active Status1=true, LoginPageText7=Log In, Coupon Field=T20WC, LoginPageText6=Sign In, LoginPageText5=Password, LoginPageText4=Username}](1)" classname="com.proenx.rdep.myproject.pos.PromotionTestCase1" time="0.0">
    <skipped message="Skipping Test  case as Run mode is set to no"/>
  </testcase>
  <testcase name="teardown" classname="com.proenx.rdep.myproject.pos.PromotionTestCase1" time="4.973">
    <failure message="Cannot invoke &quot;org.openqa.selenium.WebDriver.quit()&quot; because &quot;com.proenx.rdep.myproject.TestBase.driver&quot; is null" type="java.lang.NullPointerException"><![CDATA[java.lang.NullPointerException: Cannot invoke "org.openqa.selenium.WebDriver.quit()" because "com.proenx.rdep.myproject.TestBase.driver" is null
	at com.proenx.rdep.myproject.TestBase.teardown(TestBase.java:104)
	at java.base/jdk.internal.reflect.NativeMethodAccessorImpl.invoke0(Native Method)
	at java.base/jdk.internal.reflect.NativeMethodAccessorImpl.invoke(NativeMethodAccessorImpl.java:77)
	at java.base/jdk.internal.reflect.DelegatingMethodAccessorImpl.invoke(DelegatingMethodAccessorImpl.java:43)
	at java.base/java.lang.reflect.Method.invoke(Method.java:568)
	at org.testng.internal.invokers.MethodInvocationHelper.invokeMethod(MethodInvocationHelper.java:141)
	at org.testng.internal.invokers.MethodInvocationHelper.invokeMethodConsideringTimeout(MethodInvocationHelper.java:71)
	at org.testng.internal.invokers.ConfigInvoker.invokeConfigurationMethod(ConfigInvoker.java:400)
	at org.testng.internal.invokers.ConfigInvoker.invokeConfigurations(ConfigInvoker.java:333)
	at org.testng.internal.invokers.TestInvoker.runConfigMethods(TestInvoker.java:833)
	at org.testng.internal.invokers.TestInvoker.runAfterConfigurations(TestInvoker.java:802)
	at org.testng.internal.invokers.TestInvoker.invokeMethod(TestInvoker.java:622)
	at org.testng.internal.invokers.TestInvoker.invokeTestMethod(TestInvoker.java:230)
	at org.testng.internal.invokers.MethodRunner.runInSequence(MethodRunner.java:63)
	at org.testng.internal.invokers.TestInvoker$MethodInvocationAgent.invoke(TestInvoker.java:992)
	at org.testng.internal.invokers.TestInvoker.invokeTestMethods(TestInvoker.java:203)
	at org.testng.internal.invokers.TestMethodWorker.invokeTestMethods(TestMethodWorker.java:154)
	at org.testng.internal.invokers.TestMethodWorker.run(TestMethodWorker.java:134)
	at java.base/java.util.ArrayList.forEach(ArrayList.java:1511)
	at org.testng.TestRunner.privateRun(TestRunner.java:739)
	at org.testng.TestRunner.run(TestRunner.java:614)
	at org.testng.SuiteRunner.runTest(SuiteRunner.java:421)
	at org.testng.SuiteRunner.runSequentially(SuiteRunner.java:413)
	at org.testng.SuiteRunner.privateRun(SuiteRunner.java:373)
	at org.testng.SuiteRunner.run(SuiteRunner.java:312)
	at org.testng.SuiteRunnerWorker.runSuite(SuiteRunnerWorker.java:52)
	at org.testng.SuiteRunnerWorker.run(SuiteRunnerWorker.java:95)
	at org.testng.TestNG.runSuitesSequentially(TestNG.java:1274)
	at org.testng.TestNG.runSuitesLocally(TestNG.java:1208)
	at org.testng.TestNG.runSuites(TestNG.java:1112)
	at org.testng.TestNG.run(TestNG.java:1079)
	at org.apache.maven.surefire.testng.TestNGExecutor.run(TestNGExecutor.java:308)
	at org.apache.maven.surefire.testng.TestNGXmlTestSuite.execute(TestNGXmlTestSuite.java:71)
	at org.apache.maven.surefire.testng.TestNGProvider.invoke(TestNGProvider.java:113)
	at org.apache.maven.surefire.booter.ForkedBooter.runSuitesInProcess(ForkedBooter.java:385)
	at org.apache.maven.surefire.booter.ForkedBooter.execute(ForkedBooter.java:162)
	at org.apache.maven.surefire.booter.ForkedBooter.run(ForkedBooter.java:507)
	at org.apache.maven.surefire.booter.ForkedBooter.main(ForkedBooter.java:495)
]]></failure>
  </testcase>
  <testcase name="generateReport" classname="com.proenx.rdep.myproject.pos.PromotionTestCase1" time="0.0">
    <skipped/>
  </testcase>
  <testcase name="getTestCaseName" classname="com.proenx.rdep.myproject.pos.TestPractice2" time="0.0">
    <skipped message="Skipping Test  case as Run mode is set to no"/>
  </testcase>
  <testcase name="launchBrowser" classname="com.proenx.rdep.myproject.pos.TestPractice2" time="0.0">
    <skipped/>
    <system-out><![CDATA[TestPractice2 test case starts from row number :- 1
Total number of columns are:- 25
Total number of iterations/rows are :- 1
***************************************************

----{LoginPageText3=Forgot your password?, LoginPageText2=©2024 - All rights reserved by ProenX Pte Ltd., Sales Reprt Bill Id Hyperlink itemdetails=Aer KOW-MAR-R-0100 | White | 44, LoginPageText1=v2.0.0, Password=ajskak, Wrong Password=1234ad, Sales Report End Date Format=2024-09-27 04:51 pm, UserName=asgs, Table Data For Validation=10031110337, Carts Table Data For Validation=ajith.h@proenx.com, SourceName=MPOS, BillID Hyperlink=10031110337, DeliveryStatusName=Packed, Sales Report Start Date Format=2024-05-10 04:51 pm, POP Message For No Data in the Table=Orders List not found, StatusName=VOID, DashBoardText=Dashboard | RDEP, StoreName2=Test82 - 0292, StoreName1=Select All, LoginPageText7=Log In, Sales Report Start Date Format for negative scenario=2024-09-28 04:51 pm, LoginPageText6=Sign In, LoginPageText5=Password, LoginPageText4=Username, Wrong UserName=addmi}
]]></system-out>
  </testcase>
  <testcase name="SalesReportvaliddata[{LoginPageText3=Forgot your password?, LoginPageText2=©2024 - All rights reserved by ProenX Pte Ltd., Sales Reprt Bill Id Hyperlink itemdetails=Aer KOW-MAR-R-0100 | White | 44, LoginPageText1=v2.0.0, Password=ajskak, Wrong Password=1234ad, Sales Report End Date Format=2024-09-27 04:51 pm, UserName=asgs, Table Data For Validation=10031110337, Carts Table Data For Validation=ajith.h@proenx.com, SourceName=MPOS, BillID Hyperlink=10031110337, DeliveryStatusName=Packed, Sales Report Start Date Format=2024-05-10 04:51 pm, POP Message For No Data in the Table=Orders List not found, StatusName=VOID, DashBoardText=Dashboard | RDEP, StoreName2=Test82 - 0292, StoreName1=Select All, LoginPageText7=Log In, Sales Report Start Date Format for negative scenario=2024-09-28 04:51 pm, LoginPageText6=Sign In, LoginPageText5=Password, LoginPageText4=Username, Wrong UserName=addmi}](1)" classname="com.proenx.rdep.myproject.pos.TestPractice2" time="0.0">
    <skipped message="Cannot invoke &quot;org.openqa.selenium.WebDriver.quit()&quot; because &quot;com.proenx.rdep.myproject.TestBase.driver&quot; is null"/>
  </testcase>
  <testcase name="teardown" classname="com.proenx.rdep.myproject.pos.TestPractice2" time="4.984">
    <failure message="Cannot invoke &quot;org.openqa.selenium.WebDriver.quit()&quot; because &quot;com.proenx.rdep.myproject.TestBase.driver&quot; is null" type="java.lang.NullPointerException"><![CDATA[java.lang.NullPointerException: Cannot invoke "org.openqa.selenium.WebDriver.quit()" because "com.proenx.rdep.myproject.TestBase.driver" is null
	at com.proenx.rdep.myproject.TestBase.teardown(TestBase.java:104)
	at java.base/jdk.internal.reflect.NativeMethodAccessorImpl.invoke0(Native Method)
	at java.base/jdk.internal.reflect.NativeMethodAccessorImpl.invoke(NativeMethodAccessorImpl.java:77)
	at java.base/jdk.internal.reflect.DelegatingMethodAccessorImpl.invoke(DelegatingMethodAccessorImpl.java:43)
	at java.base/java.lang.reflect.Method.invoke(Method.java:568)
	at org.testng.internal.invokers.MethodInvocationHelper.invokeMethod(MethodInvocationHelper.java:141)
	at org.testng.internal.invokers.MethodInvocationHelper.invokeMethodConsideringTimeout(MethodInvocationHelper.java:71)
	at org.testng.internal.invokers.ConfigInvoker.invokeConfigurationMethod(ConfigInvoker.java:400)
	at org.testng.internal.invokers.ConfigInvoker.invokeConfigurations(ConfigInvoker.java:333)
	at org.testng.internal.invokers.TestInvoker.runConfigMethods(TestInvoker.java:833)
	at org.testng.internal.invokers.TestInvoker.runAfterConfigurations(TestInvoker.java:802)
	at org.testng.internal.invokers.TestInvoker.invokeMethod(TestInvoker.java:622)
	at org.testng.internal.invokers.TestInvoker.invokeTestMethod(TestInvoker.java:230)
	at org.testng.internal.invokers.MethodRunner.runInSequence(MethodRunner.java:63)
	at org.testng.internal.invokers.TestInvoker$MethodInvocationAgent.invoke(TestInvoker.java:992)
	at org.testng.internal.invokers.TestInvoker.invokeTestMethods(TestInvoker.java:203)
	at org.testng.internal.invokers.TestMethodWorker.invokeTestMethods(TestMethodWorker.java:154)
	at org.testng.internal.invokers.TestMethodWorker.run(TestMethodWorker.java:134)
	at java.base/java.util.ArrayList.forEach(ArrayList.java:1511)
	at org.testng.TestRunner.privateRun(TestRunner.java:739)
	at org.testng.TestRunner.run(TestRunner.java:614)
	at org.testng.SuiteRunner.runTest(SuiteRunner.java:421)
	at org.testng.SuiteRunner.runSequentially(SuiteRunner.java:413)
	at org.testng.SuiteRunner.privateRun(SuiteRunner.java:373)
	at org.testng.SuiteRunner.run(SuiteRunner.java:312)
	at org.testng.SuiteRunnerWorker.runSuite(SuiteRunnerWorker.java:52)
	at org.testng.SuiteRunnerWorker.run(SuiteRunnerWorker.java:95)
	at org.testng.TestNG.runSuitesSequentially(TestNG.java:1274)
	at org.testng.TestNG.runSuitesLocally(TestNG.java:1208)
	at org.testng.TestNG.runSuites(TestNG.java:1112)
	at org.testng.TestNG.run(TestNG.java:1079)
	at org.apache.maven.surefire.testng.TestNGExecutor.run(TestNGExecutor.java:308)
	at org.apache.maven.surefire.testng.TestNGXmlTestSuite.execute(TestNGXmlTestSuite.java:71)
	at org.apache.maven.surefire.testng.TestNGProvider.invoke(TestNGProvider.java:113)
	at org.apache.maven.surefire.booter.ForkedBooter.runSuitesInProcess(ForkedBooter.java:385)
	at org.apache.maven.surefire.booter.ForkedBooter.execute(ForkedBooter.java:162)
	at org.apache.maven.surefire.booter.ForkedBooter.run(ForkedBooter.java:507)
	at org.apache.maven.surefire.booter.ForkedBooter.main(ForkedBooter.java:495)
]]></failure>
  </testcase>
  <testcase name="getTestCaseName" classname="com.proenx.rdep.myproject.pos.Create_SimpleLine_Promo_System" time="0.0">
    <skipped message="Skipping Test  case as Run mode is set to no"/>
  </testcase>
  <testcase name="launchBrowser" classname="com.proenx.rdep.myproject.pos.Create_SimpleLine_Promo_System" time="0.0">
    <skipped/>
    <system-out><![CDATA[Create_SimpleLine_Promo_System test case starts from row number :- 13
Total number of columns are:- 21
Total number of iterations/rows are :- 1
***************************************************

----{Promotion Type6=abc, Promotion Type5=abc, Promotion Type4=abc, Promotion Type3=abc, Password=ajskak, Promotion Details Error PopUp=Please Select Promotion Type, Promotion Type2=Combination Pool, Promotion Type1=Simple Line, Master Promotion End Date Format=2024-10-07 04:51 pm, Discount Value=10, Master Promotion Start Date Format=2024-10-05 04:51 pm, Promotion successful Message=Promotion configured successfully, UserName=asgs, Promotion Name=Flat 10% OFF, StoreName2=Test82 - 0292, Promotion Code=F10%, StoreName1=Rdep Meta Limited Pune - 1765, Promotion Sub type1=Percentage, Description=Simple Line Promotion, Coupon Field=T20WC, Promotion Type7=abc}
]]></system-out>
  </testcase>
  <testcase name="create_promotion[{Promotion Type6=abc, Promotion Type5=abc, Promotion Type4=abc, Promotion Type3=abc, Password=ajskak, Promotion Details Error PopUp=Please Select Promotion Type, Promotion Type2=Combination Pool, Promotion Type1=Simple Line, Master Promotion End Date Format=2024-10-07 04:51 pm, Discount Value=10, Master Promotion Start Date Format=2024-10-05 04:51 pm, Promotion successful Message=Promotion configured successfully, UserName=asgs, Promotion Name=Flat 10% OFF, StoreName2=Test82 - 0292, Promotion Code=F10%, StoreName1=Rdep Meta Limited Pune - 1765, Promotion Sub type1=Percentage, Description=Simple Line Promotion, Coupon Field=T20WC, Promotion Type7=abc}](1)" classname="com.proenx.rdep.myproject.pos.Create_SimpleLine_Promo_System" time="0.0">
    <skipped message="Cannot invoke &quot;org.openqa.selenium.WebDriver.quit()&quot; because &quot;com.proenx.rdep.myproject.TestBase.driver&quot; is null"/>
  </testcase>
  <testcase name="teardown" classname="com.proenx.rdep.myproject.pos.Create_SimpleLine_Promo_System" time="4.998">
    <failure message="Cannot invoke &quot;org.openqa.selenium.WebDriver.quit()&quot; because &quot;com.proenx.rdep.myproject.TestBase.driver&quot; is null" type="java.lang.NullPointerException"><![CDATA[java.lang.NullPointerException: Cannot invoke "org.openqa.selenium.WebDriver.quit()" because "com.proenx.rdep.myproject.TestBase.driver" is null
	at com.proenx.rdep.myproject.TestBase.teardown(TestBase.java:104)
	at java.base/jdk.internal.reflect.NativeMethodAccessorImpl.invoke0(Native Method)
	at java.base/jdk.internal.reflect.NativeMethodAccessorImpl.invoke(NativeMethodAccessorImpl.java:77)
	at java.base/jdk.internal.reflect.DelegatingMethodAccessorImpl.invoke(DelegatingMethodAccessorImpl.java:43)
	at java.base/java.lang.reflect.Method.invoke(Method.java:568)
	at org.testng.internal.invokers.MethodInvocationHelper.invokeMethod(MethodInvocationHelper.java:141)
	at org.testng.internal.invokers.MethodInvocationHelper.invokeMethodConsideringTimeout(MethodInvocationHelper.java:71)
	at org.testng.internal.invokers.ConfigInvoker.invokeConfigurationMethod(ConfigInvoker.java:400)
	at org.testng.internal.invokers.ConfigInvoker.invokeConfigurations(ConfigInvoker.java:333)
	at org.testng.internal.invokers.TestInvoker.runConfigMethods(TestInvoker.java:833)
	at org.testng.internal.invokers.TestInvoker.runAfterConfigurations(TestInvoker.java:802)
	at org.testng.internal.invokers.TestInvoker.invokeMethod(TestInvoker.java:622)
	at org.testng.internal.invokers.TestInvoker.invokeTestMethod(TestInvoker.java:230)
	at org.testng.internal.invokers.MethodRunner.runInSequence(MethodRunner.java:63)
	at org.testng.internal.invokers.TestInvoker$MethodInvocationAgent.invoke(TestInvoker.java:992)
	at org.testng.internal.invokers.TestInvoker.invokeTestMethods(TestInvoker.java:203)
	at org.testng.internal.invokers.TestMethodWorker.invokeTestMethods(TestMethodWorker.java:154)
	at org.testng.internal.invokers.TestMethodWorker.run(TestMethodWorker.java:134)
	at java.base/java.util.ArrayList.forEach(ArrayList.java:1511)
	at org.testng.TestRunner.privateRun(TestRunner.java:739)
	at org.testng.TestRunner.run(TestRunner.java:614)
	at org.testng.SuiteRunner.runTest(SuiteRunner.java:421)
	at org.testng.SuiteRunner.runSequentially(SuiteRunner.java:413)
	at org.testng.SuiteRunner.privateRun(SuiteRunner.java:373)
	at org.testng.SuiteRunner.run(SuiteRunner.java:312)
	at org.testng.SuiteRunnerWorker.runSuite(SuiteRunnerWorker.java:52)
	at org.testng.SuiteRunnerWorker.run(SuiteRunnerWorker.java:95)
	at org.testng.TestNG.runSuitesSequentially(TestNG.java:1274)
	at org.testng.TestNG.runSuitesLocally(TestNG.java:1208)
	at org.testng.TestNG.runSuites(TestNG.java:1112)
	at org.testng.TestNG.run(TestNG.java:1079)
	at org.apache.maven.surefire.testng.TestNGExecutor.run(TestNGExecutor.java:308)
	at org.apache.maven.surefire.testng.TestNGXmlTestSuite.execute(TestNGXmlTestSuite.java:71)
	at org.apache.maven.surefire.testng.TestNGProvider.invoke(TestNGProvider.java:113)
	at org.apache.maven.surefire.booter.ForkedBooter.runSuitesInProcess(ForkedBooter.java:385)
	at org.apache.maven.surefire.booter.ForkedBooter.execute(ForkedBooter.java:162)
	at org.apache.maven.surefire.booter.ForkedBooter.run(ForkedBooter.java:507)
	at org.apache.maven.surefire.booter.ForkedBooter.main(ForkedBooter.java:495)
]]></failure>
  </testcase>
  <testcase name="getTestCaseName" classname="com.proenx.rdep.myproject.pos.Promo_Test_Case_Combination_Pool" time="0.0">
    <skipped message="Skipping Test  case as Run mode is set to no"/>
  </testcase>
  <testcase name="launchBrowser" classname="com.proenx.rdep.myproject.pos.Promo_Test_Case_Combination_Pool" time="0.0">
    <skipped/>
    <system-out><![CDATA[Promo_Test_Case_Combination_Pool test case starts from row number :- 17
Total number of columns are:- 43
Total number of iterations/rows are :- 1
***************************************************

----{combination Pool Type5=abc, UserName=admin, Coupon Field=T20WC, combination Pool Type4=abc, Combination Pool Discount Value=15, combination Pool Type3=abc, combination Pool Type2=abc, combination Pool Type1=Combination Pool, Combination Pool Promotion Details Error PopUp=Please Select Promotion Type, StoreName2=Test82 - 0292, Password=admin, StoreName1=Rdep Meta Limited Pune - 1765, Combination Pool Description=Combination Pool Promotion, Combination Pool Promotion successful Message=Promotion configured successfully, Discount Value=10, Promotion successful Message=Promotion configured successfully, Description=Simple Line Promotion, Combination Pool Promotion Code=COM15%, Promotion Details Error PopUp=Please Select Promotion Type, CombinationPool End Date Format=2024-10-07 04:51 pm, Master Promotion Start Date Format=2024-10-05 04:51 pm, Combination Pool Promotion Sub type1=Percentage, Promotion Type7=abc, Master Promotion End Date Format=2024-10-07 04:51 pm, Combination Pool Coupon Field=T20WC, Promotion Type6=abc, Promotion Type5=abc, Promotion Type4=abc, Promotion Code=F10%, Combination Pool Promotion Name=Combi Test, Combination Pool StoreName2=Test82 - 0292, Promotion Type3=abc, Combination Pool StoreName1=Rdep Meta Limited Pune - 1765, Promotion Type2=Combination Pool, Promotion Type1=Simple Line, Promotion Sub type1=Percentage, Promotion Name=Flat 10% OFF, CombinationPool Start Date Format=2024-10-05 04:51 pm, Combination Pool Qualified Quantiy=2}
]]></system-out>
  </testcase>
  <testcase name="create_promotion[{combination Pool Type5=abc, UserName=admin, Coupon Field=T20WC, combination Pool Type4=abc, Combination Pool Discount Value=15, combination Pool Type3=abc, combination Pool Type2=abc, combination Pool Type1=Combination Pool, Combination Pool Promotion Details Error PopUp=Please Select Promotion Type, StoreName2=Test82 - 0292, Password=admin, StoreName1=Rdep Meta Limited Pune - 1765, Combination Pool Description=Combination Pool Promotion, Combination Pool Promotion successful Message=Promotion configured successfully, Discount Value=10, Promotion successful Message=Promotion configured successfully, Description=Simple Line Promotion, Combination Pool Promotion Code=COM15%, Promotion Details Error PopUp=Please Select Promotion Type, CombinationPool End Date Format=2024-10-07 04:51 pm, Master Promotion Start Date Format=2024-10-05 04:51 pm, Combination Pool Promotion Sub type1=Percentage, Promotion Type7=abc, Master Promotion End Date Format=2024-10-07 04:51 pm, Combination Pool Coupon Field=T20WC, Promotion Type6=abc, Promotion Type5=abc, Promotion Type4=abc, Promotion Code=F10%, Combination Pool Promotion Name=Combi Test, Combination Pool StoreName2=Test82 - 0292, Promotion Type3=abc, Combination Pool StoreName1=Rdep Meta Limited Pune - 1765, Promotion Type2=Combination Pool, Promotion Type1=Simple Line, Promotion Sub type1=Percentage, Promotion Name=Flat 10% OFF, CombinationPool Start Date Format=2024-10-05 04:51 pm, Combination Pool Qualified Quantiy=2}](1)" classname="com.proenx.rdep.myproject.pos.Promo_Test_Case_Combination_Pool" time="0.0">
    <skipped message="Cannot invoke &quot;org.openqa.selenium.WebDriver.quit()&quot; because &quot;com.proenx.rdep.myproject.TestBase.driver&quot; is null"/>
  </testcase>
  <testcase name="teardown" classname="com.proenx.rdep.myproject.pos.Promo_Test_Case_Combination_Pool" time="5.006">
    <failure message="Cannot invoke &quot;org.openqa.selenium.WebDriver.quit()&quot; because &quot;com.proenx.rdep.myproject.TestBase.driver&quot; is null" type="java.lang.NullPointerException"><![CDATA[java.lang.NullPointerException: Cannot invoke "org.openqa.selenium.WebDriver.quit()" because "com.proenx.rdep.myproject.TestBase.driver" is null
	at com.proenx.rdep.myproject.TestBase.teardown(TestBase.java:104)
	at java.base/jdk.internal.reflect.NativeMethodAccessorImpl.invoke0(Native Method)
	at java.base/jdk.internal.reflect.NativeMethodAccessorImpl.invoke(NativeMethodAccessorImpl.java:77)
	at java.base/jdk.internal.reflect.DelegatingMethodAccessorImpl.invoke(DelegatingMethodAccessorImpl.java:43)
	at java.base/java.lang.reflect.Method.invoke(Method.java:568)
	at org.testng.internal.invokers.MethodInvocationHelper.invokeMethod(MethodInvocationHelper.java:141)
	at org.testng.internal.invokers.MethodInvocationHelper.invokeMethodConsideringTimeout(MethodInvocationHelper.java:71)
	at org.testng.internal.invokers.ConfigInvoker.invokeConfigurationMethod(ConfigInvoker.java:400)
	at org.testng.internal.invokers.ConfigInvoker.invokeConfigurations(ConfigInvoker.java:333)
	at org.testng.internal.invokers.TestInvoker.runConfigMethods(TestInvoker.java:833)
	at org.testng.internal.invokers.TestInvoker.runAfterConfigurations(TestInvoker.java:802)
	at org.testng.internal.invokers.TestInvoker.invokeMethod(TestInvoker.java:622)
	at org.testng.internal.invokers.TestInvoker.invokeTestMethod(TestInvoker.java:230)
	at org.testng.internal.invokers.MethodRunner.runInSequence(MethodRunner.java:63)
	at org.testng.internal.invokers.TestInvoker$MethodInvocationAgent.invoke(TestInvoker.java:992)
	at org.testng.internal.invokers.TestInvoker.invokeTestMethods(TestInvoker.java:203)
	at org.testng.internal.invokers.TestMethodWorker.invokeTestMethods(TestMethodWorker.java:154)
	at org.testng.internal.invokers.TestMethodWorker.run(TestMethodWorker.java:134)
	at java.base/java.util.ArrayList.forEach(ArrayList.java:1511)
	at org.testng.TestRunner.privateRun(TestRunner.java:739)
	at org.testng.TestRunner.run(TestRunner.java:614)
	at org.testng.SuiteRunner.runTest(SuiteRunner.java:421)
	at org.testng.SuiteRunner.runSequentially(SuiteRunner.java:413)
	at org.testng.SuiteRunner.privateRun(SuiteRunner.java:373)
	at org.testng.SuiteRunner.run(SuiteRunner.java:312)
	at org.testng.SuiteRunnerWorker.runSuite(SuiteRunnerWorker.java:52)
	at org.testng.SuiteRunnerWorker.run(SuiteRunnerWorker.java:95)
	at org.testng.TestNG.runSuitesSequentially(TestNG.java:1274)
	at org.testng.TestNG.runSuitesLocally(TestNG.java:1208)
	at org.testng.TestNG.runSuites(TestNG.java:1112)
	at org.testng.TestNG.run(TestNG.java:1079)
	at org.apache.maven.surefire.testng.TestNGExecutor.run(TestNGExecutor.java:308)
	at org.apache.maven.surefire.testng.TestNGXmlTestSuite.execute(TestNGXmlTestSuite.java:71)
	at org.apache.maven.surefire.testng.TestNGProvider.invoke(TestNGProvider.java:113)
	at org.apache.maven.surefire.booter.ForkedBooter.runSuitesInProcess(ForkedBooter.java:385)
	at org.apache.maven.surefire.booter.ForkedBooter.execute(ForkedBooter.java:162)
	at org.apache.maven.surefire.booter.ForkedBooter.run(ForkedBooter.java:507)
	at org.apache.maven.surefire.booter.ForkedBooter.main(ForkedBooter.java:495)
]]></failure>
  </testcase>
  <testcase name="getTestCaseName" classname="com.proenx.rdep.myproject.pos.Package_Quantity_Test_Cases" time="0.0">
    <skipped message="Skipping Test  case as Run mode is set to no"/>
  </testcase>
  <testcase name="launchBrowser" classname="com.proenx.rdep.myproject.pos.Package_Quantity_Test_Cases" time="0.0">
    <skipped/>
    <system-out><![CDATA[Package_Quantity_Test_Cases test case starts from row number :- 21
Total number of columns are:- 22
Total number of iterations/rows are :- 1
***************************************************

----{Password=ajskak, Package Quantity Promotion Name=Pakage TEST, Package Quantity Promotion Code=PACKAGE12%, Package Quantity Type7=abc, Package Quatity Trigger Quantiy=2, Package Quantity Type6=abc, Package Quantity Type5=abc, Package Quantity Type4=abc, Package Quantity Type3=abc, Package Quantity Type2=abc, Package Quantity Type1=Package Quantity, Package Quantity Promotion Sub type1=Percentage, UserName=asgs, Package Quantity Description=Package Qauantity Pool Promotion, Package Quantity Discount Value=12, Package Quantity StoreName2=Test82 - 0292, Package Quantity End Date Format=2024-10-07 04:51 pm, Package Quantity StoreName1=Rdep Meta Limited Pune - 1765, Package Quantity Promotion Details Error PopUp=Please Select Promotion Type, Package Quantity  Promotion successful Message=Promotion configured successfully, Package Quantity Start Date Format=2024-10-05 04:51 pm, Package Quantity Pool Coupon Field=T20WC}
]]></system-out>
  </testcase>
  <testcase name="create_promotion[{Password=ajskak, Package Quantity Promotion Name=Pakage TEST, Package Quantity Promotion Code=PACKAGE12%, Package Quantity Type7=abc, Package Quatity Trigger Quantiy=2, Package Quantity Type6=abc, Package Quantity Type5=abc, Package Quantity Type4=abc, Package Quantity Type3=abc, Package Quantity Type2=abc, Package Quantity Type1=Package Quantity, Package Quantity Promotion Sub type1=Percentage, UserName=asgs, Package Quantity Description=Package Qauantity Pool Promotion, Package Quantity Discount Value=12, Package Quantity StoreName2=Test82 - 0292, Package Quantity End Date Format=2024-10-07 04:51 pm, Package Quantity StoreName1=Rdep Meta Limited Pune - 1765, Package Quantity Promotion Details Error PopUp=Please Select Promotion Type, Package Quantity  Promotion successful Message=Promotion configured successfully, Package Quantity Start Date Format=2024-10-05 04:51 pm, Package Quantity Pool Coupon Field=T20WC}](1)" classname="com.proenx.rdep.myproject.pos.Package_Quantity_Test_Cases" time="0.0">
    <skipped message="Cannot invoke &quot;org.openqa.selenium.WebDriver.quit()&quot; because &quot;com.proenx.rdep.myproject.TestBase.driver&quot; is null"/>
  </testcase>
  <testcase name="teardown" classname="com.proenx.rdep.myproject.pos.Package_Quantity_Test_Cases" time="4.999">
    <failure message="Cannot invoke &quot;org.openqa.selenium.WebDriver.quit()&quot; because &quot;com.proenx.rdep.myproject.TestBase.driver&quot; is null" type="java.lang.NullPointerException"><![CDATA[java.lang.NullPointerException: Cannot invoke "org.openqa.selenium.WebDriver.quit()" because "com.proenx.rdep.myproject.TestBase.driver" is null
	at com.proenx.rdep.myproject.TestBase.teardown(TestBase.java:104)
	at java.base/jdk.internal.reflect.NativeMethodAccessorImpl.invoke0(Native Method)
	at java.base/jdk.internal.reflect.NativeMethodAccessorImpl.invoke(NativeMethodAccessorImpl.java:77)
	at java.base/jdk.internal.reflect.DelegatingMethodAccessorImpl.invoke(DelegatingMethodAccessorImpl.java:43)
	at java.base/java.lang.reflect.Method.invoke(Method.java:568)
	at org.testng.internal.invokers.MethodInvocationHelper.invokeMethod(MethodInvocationHelper.java:141)
	at org.testng.internal.invokers.MethodInvocationHelper.invokeMethodConsideringTimeout(MethodInvocationHelper.java:71)
	at org.testng.internal.invokers.ConfigInvoker.invokeConfigurationMethod(ConfigInvoker.java:400)
	at org.testng.internal.invokers.ConfigInvoker.invokeConfigurations(ConfigInvoker.java:333)
	at org.testng.internal.invokers.TestInvoker.runConfigMethods(TestInvoker.java:833)
	at org.testng.internal.invokers.TestInvoker.runAfterConfigurations(TestInvoker.java:802)
	at org.testng.internal.invokers.TestInvoker.invokeMethod(TestInvoker.java:622)
	at org.testng.internal.invokers.TestInvoker.invokeTestMethod(TestInvoker.java:230)
	at org.testng.internal.invokers.MethodRunner.runInSequence(MethodRunner.java:63)
	at org.testng.internal.invokers.TestInvoker$MethodInvocationAgent.invoke(TestInvoker.java:992)
	at org.testng.internal.invokers.TestInvoker.invokeTestMethods(TestInvoker.java:203)
	at org.testng.internal.invokers.TestMethodWorker.invokeTestMethods(TestMethodWorker.java:154)
	at org.testng.internal.invokers.TestMethodWorker.run(TestMethodWorker.java:134)
	at java.base/java.util.ArrayList.forEach(ArrayList.java:1511)
	at org.testng.TestRunner.privateRun(TestRunner.java:739)
	at org.testng.TestRunner.run(TestRunner.java:614)
	at org.testng.SuiteRunner.runTest(SuiteRunner.java:421)
	at org.testng.SuiteRunner.runSequentially(SuiteRunner.java:413)
	at org.testng.SuiteRunner.privateRun(SuiteRunner.java:373)
	at org.testng.SuiteRunner.run(SuiteRunner.java:312)
	at org.testng.SuiteRunnerWorker.runSuite(SuiteRunnerWorker.java:52)
	at org.testng.SuiteRunnerWorker.run(SuiteRunnerWorker.java:95)
	at org.testng.TestNG.runSuitesSequentially(TestNG.java:1274)
	at org.testng.TestNG.runSuitesLocally(TestNG.java:1208)
	at org.testng.TestNG.runSuites(TestNG.java:1112)
	at org.testng.TestNG.run(TestNG.java:1079)
	at org.apache.maven.surefire.testng.TestNGExecutor.run(TestNGExecutor.java:308)
	at org.apache.maven.surefire.testng.TestNGXmlTestSuite.execute(TestNGXmlTestSuite.java:71)
	at org.apache.maven.surefire.testng.TestNGProvider.invoke(TestNGProvider.java:113)
	at org.apache.maven.surefire.booter.ForkedBooter.runSuitesInProcess(ForkedBooter.java:385)
	at org.apache.maven.surefire.booter.ForkedBooter.execute(ForkedBooter.java:162)
	at org.apache.maven.surefire.booter.ForkedBooter.run(ForkedBooter.java:507)
	at org.apache.maven.surefire.booter.ForkedBooter.main(ForkedBooter.java:495)
]]></failure>
  </testcase>
  <testcase name="getTestCaseName" classname="com.proenx.rdep.myproject.pos.Inventory_TestCases" time="0.0">
    <skipped message="Skipping Test  case as Run mode is set to no"/>
  </testcase>
  <testcase name="launchBrowser" classname="com.proenx.rdep.myproject.pos.Inventory_TestCases" time="0.0">
    <skipped/>
    <system-out><![CDATA[Inventory_TestCases test case starts from row number :- 25
Total number of columns are:- 22
Total number of iterations/rows are :- 1
***************************************************

----{Inventory List Store Name3=sky, Inventory List Filter Select Store1=Rdep Meta Limited Pune - 1765, Inventory List Store Name2=wwe, Inventory List Store Name1=Rdep Meta Limited Pune - 1765, Inventory Import Successful Message=Inventory imported successfully., Inventory Import Error Message for not selecting Store=Please Select Store, Inventory List Search Data for File Reset with Single SKU file=70002400, Inventory Import Store=Rdep Meta Limited Pune - 1765, Inventory Adjustment Successful Message=Inventory adjusted successfully., Inventory Adjustment Error Message for not selecting Store=Please Select Store, Inventory List Search Data for File Reset for three sku3=8904389900550, Inventory List Search Data for File Reset for three sku2=8904389900567, Inventory List Search Data for File Reset for three sku1=40002100, Inventory List Search Data for Update for three sku3=80002500, Inventory List Search Data for Update for three sku2=50002200, Inventory List Search Data for Update for three sku1=8904389909669, Inventory Adjustment Unsuccessful Message=Error updating inventory., Inventory Import Unsuccessful Message=Required data not found. Please upload the correct file., Inventory Adjustment Error Message for not selecting file=Please Select File, Inventory Import Error Message for not selecting file=Please Select File, Inventory List Search Data forUpdate with Single SKU file=60002300}
]]></system-out>
  </testcase>
  <testcase name="Inventory_List_Reset[{Inventory List Store Name3=sky, Inventory List Filter Select Store1=Rdep Meta Limited Pune - 1765, Inventory List Store Name2=wwe, Inventory List Store Name1=Rdep Meta Limited Pune - 1765, Inventory Import Successful Message=Inventory imported successfully., Inventory Import Error Message for not selecting Store=Please Select Store, Inventory List Search Data for File Reset with Single SKU file=70002400, Inventory Import Store=Rdep Meta Limited Pune - 1765, Inventory Adjustment Successful Message=Inventory adjusted successfully., Inventory Adjustment Error Message for not selecting Store=Please Select Store, Inventory List Search Data for File Reset for three sku3=8904389900550, Inventory List Search Data for File Reset for three sku2=8904389900567, Inventory List Search Data for File Reset for three sku1=40002100, Inventory List Search Data for Update for three sku3=80002500, Inventory List Search Data for Update for three sku2=50002200, Inventory List Search Data for Update for three sku1=8904389909669, Inventory Adjustment Unsuccessful Message=Error updating inventory., Inventory Import Unsuccessful Message=Required data not found. Please upload the correct file., Inventory Adjustment Error Message for not selecting file=Please Select File, Inventory Import Error Message for not selecting file=Please Select File, Inventory List Search Data forUpdate with Single SKU file=60002300}](1)" classname="com.proenx.rdep.myproject.pos.Inventory_TestCases" time="0.0">
    <skipped message="Cannot invoke &quot;org.openqa.selenium.WebDriver.quit()&quot; because &quot;com.proenx.rdep.myproject.TestBase.driver&quot; is null"/>
  </testcase>
  <testcase name="teardown" classname="com.proenx.rdep.myproject.pos.Inventory_TestCases" time="5.013">
    <failure message="Cannot invoke &quot;org.openqa.selenium.WebDriver.quit()&quot; because &quot;com.proenx.rdep.myproject.TestBase.driver&quot; is null" type="java.lang.NullPointerException"><![CDATA[java.lang.NullPointerException: Cannot invoke "org.openqa.selenium.WebDriver.quit()" because "com.proenx.rdep.myproject.TestBase.driver" is null
	at com.proenx.rdep.myproject.TestBase.teardown(TestBase.java:104)
	at java.base/jdk.internal.reflect.NativeMethodAccessorImpl.invoke0(Native Method)
	at java.base/jdk.internal.reflect.NativeMethodAccessorImpl.invoke(NativeMethodAccessorImpl.java:77)
	at java.base/jdk.internal.reflect.DelegatingMethodAccessorImpl.invoke(DelegatingMethodAccessorImpl.java:43)
	at java.base/java.lang.reflect.Method.invoke(Method.java:568)
	at org.testng.internal.invokers.MethodInvocationHelper.invokeMethod(MethodInvocationHelper.java:141)
	at org.testng.internal.invokers.MethodInvocationHelper.invokeMethodConsideringTimeout(MethodInvocationHelper.java:71)
	at org.testng.internal.invokers.ConfigInvoker.invokeConfigurationMethod(ConfigInvoker.java:400)
	at org.testng.internal.invokers.ConfigInvoker.invokeConfigurations(ConfigInvoker.java:333)
	at org.testng.internal.invokers.TestInvoker.runConfigMethods(TestInvoker.java:833)
	at org.testng.internal.invokers.TestInvoker.runAfterConfigurations(TestInvoker.java:802)
	at org.testng.internal.invokers.TestInvoker.invokeMethod(TestInvoker.java:622)
	at org.testng.internal.invokers.TestInvoker.invokeTestMethod(TestInvoker.java:230)
	at org.testng.internal.invokers.MethodRunner.runInSequence(MethodRunner.java:63)
	at org.testng.internal.invokers.TestInvoker$MethodInvocationAgent.invoke(TestInvoker.java:992)
	at org.testng.internal.invokers.TestInvoker.invokeTestMethods(TestInvoker.java:203)
	at org.testng.internal.invokers.TestMethodWorker.invokeTestMethods(TestMethodWorker.java:154)
	at org.testng.internal.invokers.TestMethodWorker.run(TestMethodWorker.java:134)
	at java.base/java.util.ArrayList.forEach(ArrayList.java:1511)
	at org.testng.TestRunner.privateRun(TestRunner.java:739)
	at org.testng.TestRunner.run(TestRunner.java:614)
	at org.testng.SuiteRunner.runTest(SuiteRunner.java:421)
	at org.testng.SuiteRunner.runSequentially(SuiteRunner.java:413)
	at org.testng.SuiteRunner.privateRun(SuiteRunner.java:373)
	at org.testng.SuiteRunner.run(SuiteRunner.java:312)
	at org.testng.SuiteRunnerWorker.runSuite(SuiteRunnerWorker.java:52)
	at org.testng.SuiteRunnerWorker.run(SuiteRunnerWorker.java:95)
	at org.testng.TestNG.runSuitesSequentially(TestNG.java:1274)
	at org.testng.TestNG.runSuitesLocally(TestNG.java:1208)
	at org.testng.TestNG.runSuites(TestNG.java:1112)
	at org.testng.TestNG.run(TestNG.java:1079)
	at org.apache.maven.surefire.testng.TestNGExecutor.run(TestNGExecutor.java:308)
	at org.apache.maven.surefire.testng.TestNGXmlTestSuite.execute(TestNGXmlTestSuite.java:71)
	at org.apache.maven.surefire.testng.TestNGProvider.invoke(TestNGProvider.java:113)
	at org.apache.maven.surefire.booter.ForkedBooter.runSuitesInProcess(ForkedBooter.java:385)
	at org.apache.maven.surefire.booter.ForkedBooter.execute(ForkedBooter.java:162)
	at org.apache.maven.surefire.booter.ForkedBooter.run(ForkedBooter.java:507)
	at org.apache.maven.surefire.booter.ForkedBooter.main(ForkedBooter.java:495)
]]></failure>
  </testcase>
  <testcase name="single_Product3[{Stock for adding new Product=5, Select Store for adding new Product=Blissclub HSR - 0265, Error Message for  Product Catagory  Mandatory Field=Please Select Category., Error Message for  Product SKU Mandatory Field=Please Enter Product SKU., Product Sku=202325, Error Message for   Entering Category Name  Mandatory Field=Please Enter Category Name, Attribute Type1=Color, Product Description=Pure Crystal Glass Boltle withEnv Friendlt Material, Error Message for  Product Name Mandatory Field=Please Enter Product Name, Error Message for  Select Store Mandatory Field=Please Select Store., Least Price for adding new Product=399, Select Category for adding new Product=Accessories, Catagory Description inside Add Catagory Screen=Pure Cotton with HandMade Craft, Unit Price for adding new Product=399, Catagory Name inside Add Catagory Screen=Cotton Section1, Select Store for adding new Catagory=Blissclub HSR - 0265, Error Message for   Entering Description  Mandatory Field=Please Enter Category Description, Attribute Value1=Bella Blue, path of file=C:\\Users\\sunil\\Test File Format\\screenshot.png, Product Name=202325_Glass_Bottle}](1)" classname="com.proenx.rdep.myproject.pos.Single_Product_TestCases" time="36.939">
    <system-out><![CDATA[Single_Product_TestCases test case starts from row number :- 29
Total number of columns are:- 20
Total number of iterations/rows are :- 1
***************************************************

----{Stock for adding new Product=5, Select Store for adding new Product=Blissclub HSR - 0265, Error Message for  Product Catagory  Mandatory Field=Please Select Category., Error Message for  Product SKU Mandatory Field=Please Enter Product SKU., Product Sku=202325, Error Message for   Entering Category Name  Mandatory Field=Please Enter Category Name, Attribute Type1=Color, Product Description=Pure Crystal Glass Boltle withEnv Friendlt Material, Error Message for  Product Name Mandatory Field=Please Enter Product Name, Error Message for  Select Store Mandatory Field=Please Select Store., Least Price for adding new Product=399, Select Category for adding new Product=Accessories, Catagory Description inside Add Catagory Screen=Pure Cotton with HandMade Craft, Unit Price for adding new Product=399, Catagory Name inside Add Catagory Screen=Cotton Section1, Select Store for adding new Catagory=Blissclub HSR - 0265, Error Message for   Entering Description  Mandatory Field=Please Enter Category Description, Attribute Value1=Bella Blue, path of file=C:\\Users\\sunil\\Test File Format\\screenshot.png, Product Name=202325_Glass_Bottle}
Chrome Driver is launched
Number of options found: 50
Select All
test3 - 98992
test2 - 98981
AVC - 324235
test6 - 98994
testtttt - 55555
test5 - 98993
test6 - 98994
Sona - 8998
Blissclub Infinity - 0268
Royal - 9994
Hardcastle Restaurants Pvt. Ltd. - 199992336
Hardcastle Restaurants Pvt. Ltd. - 199992337
BlissClub Store Demo HSR - 0269
Hardcastle Restaurants Pvt. Ltd. - 199992339
Ajiyyy - 9908
Test32 - 17623
Hardcastle Restaurants Pvt. Ltd. - 2008
testtttt - 55555111
testtttt - 55555112
Hardcastle Restaurants Pvt. Ltd., - 112233
Testlocal - 9011
Connaught Plaza Restaurants Pvt. Ltd. - 1122334455
Hardcastle Restaurants Pvt. Ltd., - 11223344
DJ - 00221
Jimmy1 - 231
Jimmy1 - 0021
Pro - 200232
TestQuarts4 - 00223
Telsting Test - 12l3123
new store - 12l3123store
TestQuarts - 789
testQuarts1 - 00789
TestQuarts3 - 00778
Pro - 200232
new store1 - 12l3123store1
qwertyTest1 - 12878
Boat - 89282
Boat - 89286
Boat - 89289
Boat - 8928949
Boat - 892849
Boat - 89289459
Boat - 892892459
Boat - 8928912459
Blissclub HSR - 0265
Blissclub HSR - 0265 has been selected.
Number of options found: 198
Kingdom of White
Mens
Bag
Paper Bag
Bottomwear
Topwear
Sports Bra
Accessories
Accessories has been selected.
]]></system-out>
    <system-err><![CDATA[Oct 28, 2024 11:29:49 PM org.openqa.selenium.devtools.CdpVersionFinder findNearestMatch
WARNING: Unable to find an exact match for CDP version 129, returning the closest version; found: 127; Please update to a Selenium version that supports CDP version 129
]]></system-err>
  </testcase>
</testsuite>